Mathematica File /home/cguenth/GDC/GDC_CONF.m
REV AR
PERS MUR
CONF ALL
Eingabe - Datei - TAU 2 /home/cguenth/GDC/TAU2/GDC_Tau_Simplified_S1.txt
Eingabe - Datei - POS /home/cguenth/GDC/POS/gdc_pos_S1.txt
Eingabe - Datei - SIG /home/cguenth/GDC/SIG2/GDC_Sigma_2_S1.txt
Ausgabe - Ordner /home/cguenth/GDC/GDC_Conf_AR_MUR_ALL_Out
Ausgabe - Datei GDC_CONF_AR_MUR_ALL_S1.txt
Package path /home/cguenth/GDC/DialecticalStructures/Argdown.m
Package path /home/cguenth/GDC/DialecticalStructures/GDCAnalysis3.m
Package path /home/cguenth/GDC/DialecticalStructures/GDCTools.m
Länge PersMod 3
Positions - Indexe {21, 21, 21}
ch {68,  !69,  !70,  !71,  !67, 63,  !64,  !65,  !66,  !62,  !73,  !74,  !75,  !76, 72}
bk { !9,  !17, 16, 14, 13,  !15, 10}
ev {60,  !6,  !36,  !39}
 posTot {3, 7, 10, 13, 14, 16, 18, 20, 28, 32, 52, 60, 61, 77,  !6,  !9,  !15,  !17,  !36,  !39}
posNeu {3, 7, 10, 13, 14, 16, 18, 20, 28, 32, 52, 60, 61, 77,  !6,  !9,  !15,  !17,  !36,  !39}
TAU vor Vereinfachung Implies[29 && 58, 12] && Implies[29 && 12, 58] &&  !35 && Implies[29, 8] && Implies[46 && 47 && 48 && 49,  !45] && Implies[ !46 && 47, 48] && Implies[ !48 && 47, 46] && Implies[ !47 && 48, 49] && Implies[ !49 && 48, 47] && Implies[ !48 && 49, 45] && Implies[ !45 && 49, 48] && Implies[46 && 47 && 48 && 49 &&  !45, 30] && Implies[ !46 && 47 && 48 && 49 && 45, 31] && 31 && Implies[41 && 42 && 43 && 44,  !40] && Implies[ !41 && 42, 43] && Implies[ !43 && 42, 41] && Implies[ !42 && 43, 44] && Implies[ !44 && 43, 42] && Implies[ !43 && 44, 40] && Implies[ !40 && 44, 43] && Implies[41 && 42 && 43 && 44 &&  !40, 1] && Implies[41 &&  !42 && 43 && 44 && 40, 2] && Implies[54 && 55 && 56 && 57,  !53] && Implies[54 && 55 && 56 && 57 &&  !53, 50] && Implies[54 && 55 &&  !56 && 57 && 53, 51] && Implies[59 && 26, 78] && Implies[59, 24] && Implies[24 && 31,  !54] && Implies[24 && 50, 30] && Implies[24 && 54, 46] && Implies[46 && 47, 34] && Implies[54 && 55, 37] && Implies[24 && 37, 34] && Implies[46 && 47 && 48, 35] && Implies[54 && 55 && 56, 38] && Implies[24 && 38, 35] && Implies[ !41, 31] && Implies[ !45, 1] && Implies[46, 41] && Implies[ !47, 41] && Implies[41 && 42, 4] && Implies[34, 4] && Implies[ !48, 4] && Implies[41 && 42 && 43, 5] && Implies[35, 5] && Implies[ !49, 5] && Implies[33, 25] && Implies[25 &&  !45, 50] && Implies[25 &&  !54,  !41] && Implies[25 &&  !40, 50] && Implies[25 && 41, 54] && Implies[25 &&  !42, 54] && Implies[25 && 4, 37] && Implies[25 &&  !43, 37] && Implies[25 && 5, 38] && Implies[25 &&  !44, 38] && Implies[25 &&  !54 && 55, 56] && Implies[25 &&  !56 && 55, 54] && Implies[25 &&  !55 && 56, 57] && Implies[25 &&  !57 && 56, 55] && Implies[25 &&  !53 && 57, 56] && Implies[25 &&  !56 && 57, 53] && Implies[31 && 42 && 43 && 44 && 40 && 55 && 56 && 57 && 53, 79] && Implies[46 && 48 && 49 && 45 && 2 && 54 && 56 && 57 && 53, 79] && Implies[46 && 47 && 49 && 45 && 41 && 42 && 44 && 40 && 51, 79] && Implies[46 && 47 && 48 && 45 && 41 && 42 && 43 && 40 && 54 && 55 && 56 && 53, 79] && Implies[30 && 1 && 50, 79] && Implies[79 && 24, 21] && Implies[24 && 38, 21] && Implies[ !46 && 47 && 41,  !42] && Implies[ !46 && 47 && 42,  !41] && Implies[ !47 && 48 && 42,  !43] && Implies[ !47 && 48 && 43,  !42] && Implies[ !48 && 49 && 43,  !44] && Implies[ !48 && 49 && 44,  !43] && Implies[ !49 && 45 && 44,  !40] && Implies[ !49 && 45 && 40,  !44] && Implies[19, 22] && Implies[79 && 25, 22] && Implies[22 &&  !41 && 42 && 54,  !55] && Implies[22 &&  !41 && 42 && 55,  !54] && Implies[22 &&  !42 && 43 && 55,  !56] && Implies[22 &&  !42 && 43 && 56,  !55] && Implies[22 &&  !43 && 44 && 56,  !57] && Implies[22 &&  !43 && 44 && 57,  !56] && Implies[22 &&  !44 && 40 && 57,  !53] && Implies[22 &&  !44 && 40 && 53,  !57] && Implies[25 &&  !55, 19] && Implies[25 &&  !43 &&  !56, 19] && Implies[25 &&  !42 &&  !56, 19] && Implies[25 &&  !44 &&  !57, 19] && Implies[25 &&  !43 &&  !57, 19] && Implies[25 &&  !40, 19] &&  !29 && 11 && 58 && Implies[30, 46] && Implies[30, 47] && Implies[30, 48] && Implies[30, 49] && Implies[30,  !45] && Implies[31,  !46] && Implies[31, 47] && Implies[31, 48] && Implies[31, 49] && Implies[31, 45] && Implies[1, 41] && Implies[1, 42] && Implies[1, 43] && Implies[1, 44] && Implies[1,  !40] && Implies[2, 41] && Implies[2,  !42] && Implies[2, 43] && Implies[2, 44] && Implies[2, 40] && Implies[50, 54] && Implies[50, 55] && Implies[50, 56] && Implies[50, 57] && Implies[50,  !53] && Implies[51, 54] && Implies[51, 55] && Implies[51,  !56] && Implies[51, 57] && Implies[51, 53] && Implies[59, 27] && Implies[24, 59] && Implies[34, 46] && Implies[34, 47] && Implies[37, 54] && Implies[37, 55] && Implies[35, 46] && Implies[35, 47] && Implies[35, 48] && Implies[38, 54] && Implies[38, 55] && Implies[38, 56] && Implies[4, 41] && Implies[4, 42] && Implies[5, 41] && Implies[5, 42] && Implies[5, 43] && Implies[25, 33] && Implies[21, 79] && Implies[21, 24] && Implies[22, 79] && Implies[22, 25] && Implies[22, 19] &&  !12 && Implies[25,  !24] && Implies[33,  !27]
l {11, 31, 58,  !12,  !29,  !35}
l {45, 47, 48, 49,  !46}
l { !30,  !34}
l {}
TAU nach Vereinfachung (EVBK) : Implies[41 && 42 && 43 && 44,  !40] && Implies[ !41 && 42, 43] && Implies[ !43 && 42, 41] && Implies[ !42 && 43, 44] && Implies[ !44 && 43, 42] && Implies[ !43 && 44, 40] && Implies[ !40 && 44, 43] && Implies[41 && 42 && 43 && 44 &&  !40, 1] && Implies[41 &&  !42 && 43 && 44 && 40, 2] && Implies[54 && 55 && 56 && 57,  !53] && Implies[54 && 55 && 56 && 57 &&  !53, 50] && Implies[54 && 55 &&  !56 && 57 && 53, 51] && Implies[59 && 26, 78] && Implies[59, 24] && Implies[24,  !54] &&  !(24 && 50) &&  !(24 && 54) && Implies[54 && 55, 37] &&  !(24 && 37) && Implies[54 && 55 && 56, 38] &&  !(24 && 38) && Implies[41 && 42, 4] && Implies[41 && 42 && 43, 5] && Implies[33, 25] && Implies[25 &&  !54,  !41] && Implies[25 &&  !40, 50] && Implies[25 && 41, 54] && Implies[25 &&  !42, 54] && Implies[25 && 4, 37] && Implies[25 &&  !43, 37] && Implies[25 && 5, 38] && Implies[25 &&  !44, 38] && Implies[25 &&  !54 && 55, 56] && Implies[25 &&  !56 && 55, 54] && Implies[25 &&  !55 && 56, 57] && Implies[25 &&  !57 && 56, 55] && Implies[25 &&  !53 && 57, 56] && Implies[25 &&  !56 && 57, 53] && Implies[42 && 43 && 44 && 40 && 55 && 56 && 57 && 53, 79] && Implies[79 && 24, 21] && Implies[24 && 38, 21] && Implies[41,  !42] && Implies[42,  !41] && Implies[19, 22] && Implies[79 && 25, 22] && Implies[22 &&  !41 && 42 && 54,  !55] && Implies[22 &&  !41 && 42 && 55,  !54] && Implies[22 &&  !42 && 43 && 55,  !56] && Implies[22 &&  !42 && 43 && 56,  !55] && Implies[22 &&  !43 && 44 && 56,  !57] && Implies[22 &&  !43 && 44 && 57,  !56] && Implies[22 &&  !44 && 40 && 57,  !53] && Implies[22 &&  !44 && 40 && 53,  !57] && Implies[25 &&  !55, 19] && Implies[25 &&  !43 &&  !56, 19] && Implies[25 &&  !42 &&  !56, 19] && Implies[25 &&  !44 &&  !57, 19] && Implies[25 &&  !43 &&  !57, 19] && Implies[25 &&  !40, 19] && Implies[1, 41] && Implies[1, 42] && Implies[1, 43] && Implies[1, 44] && Implies[1,  !40] && Implies[2, 41] && Implies[2,  !42] && Implies[2, 43] && Implies[2, 44] && Implies[2, 40] && Implies[50, 54] && Implies[50, 55] && Implies[50, 56] && Implies[50, 57] && Implies[50,  !53] && Implies[51, 54] && Implies[51, 55] && Implies[51,  !56] && Implies[51, 57] && Implies[51, 53] && Implies[59, 27] && Implies[24, 59] && Implies[37, 54] && Implies[37, 55] && Implies[38, 54] && Implies[38, 55] && Implies[38, 56] && Implies[4, 41] && Implies[4, 42] && Implies[5, 41] && Implies[5, 42] && Implies[5, 43] && Implies[25, 33] && Implies[21, 79] && Implies[21, 24] && Implies[22, 79] && Implies[22, 25] && Implies[22, 19] && Implies[25,  !24] && Implies[33,  !27]
ch {68,  !69,  !70,  !71,  !67, 63,  !64,  !65,  !66,  !62,  !73,  !74,  !75,  !76, 72}
bk { !9,  !17, 16, 14, 13,  !15, 10}
ev {60,  !6,  !36,  !39}
 posTot {3, 7, 10, 13, 14, 16, 18, 20, 28, 32, 52, 60, 61, 63, 68, 72, 77,  !6,  !9,  !15,  !17,  !36,  !39,  !62,  !64,  !65,  !66,  !67,  !69,  !70,  !71,  !73,  !74,  !75,  !76}
posNeu {3, 7, 10, 13, 14, 16, 18, 20, 28, 32, 52, 60, 61,  !41,  !46,  !53, 77,  !6,  !9,  !15,  !17,  !36,  !39, 40, 42, 43, 44, 45, 47, 48, 49, 54, 55, 56, 57}
TAU vor Vereinfachung Implies[29 && 58, 12] && Implies[29 && 12, 58] &&  !35 && Implies[29, 8] && 31 && 31 && 50 && Implies[59 && 26, 78] && Implies[59, 24] &&  !(24 && 31) && Implies[24 && 50, 30] &&  !24 && 37 && Implies[24 && 37, 34] && 38 && Implies[24 && 38, 35] && 31 && Implies[34, 4] && Implies[35, 5] && Implies[33, 25] && Implies[25 && 4, 37] && Implies[25 && 5, 38] && Implies[30 && 1 && 50, 79] && Implies[79 && 24, 21] && Implies[24 && 38, 21] && Implies[19, 22] && Implies[79 && 25, 22] &&  !22 &&  !22 &&  !29 && 11 && 58 &&  !30 &&  !30 &&  !1 &&  !1 &&  !2 &&  !2 &&  !51 &&  !51 && Implies[59, 27] && Implies[24, 59] &&  !34 &&  !35 &&  !4 &&  !5 && Implies[25, 33] && Implies[21, 79] && Implies[21, 24] && Implies[22, 79] && Implies[22, 25] && Implies[22, 19] &&  !12 && Implies[25,  !24] && Implies[33,  !27]
l {11, 31, 37, 38, 50, 58,  !1,  !2,  !4,  !5,  !12,  !22,  !24,  !29,  !30,  !34,  !35,  !51}
l { !19,  !21,  !59}
l {}
TAU nach Vereinfachung (CHEVBK) : Implies[33, 25] &&  !(79 && 25) && Implies[25, 33] && Implies[33,  !27]
ch {68,  !69,  !70,  !71,  !67, 63,  !64,  !65,  !66,  !62,  !73,  !74,  !75,  !76, 72}
bk { !9,  !17, 16, 14, 13,  !15, 10}
ev {60,  !6,  !36,  !39}
 posTot {3, 7, 18, 20, 28, 32, 52, 61, 63, 68, 72, 77,  !62,  !64,  !65,  !66,  !67,  !69,  !70,  !71,  !73,  !74,  !75,  !76}
posNeu {3, 7, 18, 20, 28, 32, 52, 61,  !41,  !46,  !53, 77, 40, 42, 43, 44, 45, 47, 48, 49, 54, 55, 56, 57}
TAU vor Vereinfachung Implies[29 && 58, 12] && Implies[29 && 12, 58] &&  !(35 &&  !9) && Implies[29 && 8,  !9] && Implies[29 &&  !9, 8] && Implies[16 && 13, 60] && Implies[16 && 60, 13] && Implies[15 && 10, 60] && Implies[15 && 60, 10] && Implies[17, 23] && Implies[17 && 30, 36] && Implies[17 && 36, 30] && 31 && Implies[16 && 14, 31] && Implies[16 && 31, 14] && Implies[17 && 1, 6] && Implies[17 && 6, 1] && 50 && Implies[17 && 50, 39] && Implies[17 && 39, 50] && Implies[59 && 26, 78] && Implies[59, 24] &&  !(24 && 31) && Implies[24 && 50, 30] &&  !24 && 37 && Implies[24 && 37, 34] && 38 && Implies[24 && 38, 35] && 31 && Implies[34, 4] && Implies[35, 5] && Implies[33, 25] && Implies[25 && 4, 37] && Implies[25 && 5, 38] && Implies[30 && 1 && 50, 79] && Implies[79 && 24, 21] && Implies[24 && 38, 21] && Implies[19, 22] && Implies[79 && 25, 22] &&  !22 &&  !22 && Implies[29, 15] && Implies[10, 11] && 58 &&  !30 &&  !30 &&  !1 &&  !1 &&  !2 &&  !2 &&  !51 &&  !51 && Implies[59, 27] && Implies[24, 59] &&  !34 &&  !35 &&  !4 &&  !5 && Implies[25, 33] && Implies[21, 79] && Implies[21, 24] && Implies[22, 79] && Implies[22, 25] && Implies[22, 19] && Implies[12,  !10] && Implies[25,  !24] && Implies[33,  !27]
l {31, 37, 38, 50, 58,  !1,  !2,  !4,  !5,  !22,  !24,  !30,  !34,  !35,  !51}
l { !19,  !21,  !59}
l {}
TAU nach Vereinfachung (CH) : Implies[29, 12] && Implies[29 && 8,  !9] && Implies[29 &&  !9, 8] && Implies[16 && 13, 60] && Implies[16 && 60, 13] && Implies[15 && 10, 60] && Implies[15 && 60, 10] && Implies[17, 23] &&  !(17 && 36) && Implies[16, 14] &&  !(17 && 6) && Implies[17, 39] && Implies[33, 25] &&  !(79 && 25) && Implies[29, 15] && Implies[10, 11] && Implies[25, 33] && Implies[12,  !10] && Implies[33,  !27]
sigmaH 27200
sigma 204932960
 dojH {0.00013272633157692155, 27200, 204932960}
 z {0.0004521974136786115, 0.0005848637267516669, 0.00013272633157692155}
 dojEK {0.00004171608120040817, 8549, 204932960}
 f {0.6302139124225015, 0.0005848637267516669, 0.00004171608120040817, 0.00013272633157692155}
ch {68,  !69,  !70,  !71,  !67, 63,  !64,  !65,  !66,  !62,  !73,  !74,  !75,  !76, 72}
bk { !9,  !17, 16, 14, 13,  !15, 10}
ev {60,  !6,  !36,  !39}
 posTot {3, 7, 10, 13, 14, 16, 18, 20, 28, 32, 52, 60, 61, 77,  !6,  !9,  !15,  !17,  !36,  !39}
posNeu {3, 7, 10, 13, 14, 16, 18, 20, 28, 32, 52, 60, 61, 77,  !6,  !9,  !15,  !17,  !36,  !39}
TAU vor Vereinfachung Implies[29 && 58, 12] && Implies[29 && 12, 58] &&  !35 && Implies[29, 8] && Implies[46 && 47 && 48 && 49,  !45] && Implies[ !46 && 47, 48] && Implies[ !48 && 47, 46] && Implies[ !47 && 48, 49] && Implies[ !49 && 48, 47] && Implies[ !48 && 49, 45] && Implies[ !45 && 49, 48] && Implies[46 && 47 && 48 && 49 &&  !45, 30] && Implies[ !46 && 47 && 48 && 49 && 45, 31] && 31 && Implies[41 && 42 && 43 && 44,  !40] && Implies[ !41 && 42, 43] && Implies[ !43 && 42, 41] && Implies[ !42 && 43, 44] && Implies[ !44 && 43, 42] && Implies[ !43 && 44, 40] && Implies[ !40 && 44, 43] && Implies[41 && 42 && 43 && 44 &&  !40, 1] && Implies[41 &&  !42 && 43 && 44 && 40, 2] && Implies[54 && 55 && 56 && 57,  !53] && Implies[54 && 55 && 56 && 57 &&  !53, 50] && Implies[54 && 55 &&  !56 && 57 && 53, 51] && Implies[59 && 26, 78] && Implies[59, 24] && Implies[24 && 31,  !54] && Implies[24 && 50, 30] && Implies[24 && 54, 46] && Implies[46 && 47, 34] && Implies[54 && 55, 37] && Implies[24 && 37, 34] && Implies[46 && 47 && 48, 35] && Implies[54 && 55 && 56, 38] && Implies[24 && 38, 35] && Implies[ !41, 31] && Implies[ !45, 1] && Implies[46, 41] && Implies[ !47, 41] && Implies[41 && 42, 4] && Implies[34, 4] && Implies[ !48, 4] && Implies[41 && 42 && 43, 5] && Implies[35, 5] && Implies[ !49, 5] && Implies[33, 25] && Implies[25 &&  !45, 50] && Implies[25 &&  !54,  !41] && Implies[25 &&  !40, 50] && Implies[25 && 41, 54] && Implies[25 &&  !42, 54] && Implies[25 && 4, 37] && Implies[25 &&  !43, 37] && Implies[25 && 5, 38] && Implies[25 &&  !44, 38] && Implies[25 &&  !54 && 55, 56] && Implies[25 &&  !56 && 55, 54] && Implies[25 &&  !55 && 56, 57] && Implies[25 &&  !57 && 56, 55] && Implies[25 &&  !53 && 57, 56] && Implies[25 &&  !56 && 57, 53] && Implies[31 && 42 && 43 && 44 && 40 && 55 && 56 && 57 && 53, 79] && Implies[46 && 48 && 49 && 45 && 2 && 54 && 56 && 57 && 53, 79] && Implies[46 && 47 && 49 && 45 && 41 && 42 && 44 && 40 && 51, 79] && Implies[46 && 47 && 48 && 45 && 41 && 42 && 43 && 40 && 54 && 55 && 56 && 53, 79] && Implies[30 && 1 && 50, 79] && Implies[79 && 24, 21] && Implies[24 && 38, 21] && Implies[ !46 && 47 && 41,  !42] && Implies[ !46 && 47 && 42,  !41] && Implies[ !47 && 48 && 42,  !43] && Implies[ !47 && 48 && 43,  !42] && Implies[ !48 && 49 && 43,  !44] && Implies[ !48 && 49 && 44,  !43] && Implies[ !49 && 45 && 44,  !40] && Implies[ !49 && 45 && 40,  !44] && Implies[19, 22] && Implies[79 && 25, 22] && Implies[22 &&  !41 && 42 && 54,  !55] && Implies[22 &&  !41 && 42 && 55,  !54] && Implies[22 &&  !42 && 43 && 55,  !56] && Implies[22 &&  !42 && 43 && 56,  !55] && Implies[22 &&  !43 && 44 && 56,  !57] && Implies[22 &&  !43 && 44 && 57,  !56] && Implies[22 &&  !44 && 40 && 57,  !53] && Implies[22 &&  !44 && 40 && 53,  !57] && Implies[25 &&  !55, 19] && Implies[25 &&  !43 &&  !56, 19] && Implies[25 &&  !42 &&  !56, 19] && Implies[25 &&  !44 &&  !57, 19] && Implies[25 &&  !43 &&  !57, 19] && Implies[25 &&  !40, 19] &&  !29 && 11 && 58 && Implies[30, 46] && Implies[30, 47] && Implies[30, 48] && Implies[30, 49] && Implies[30,  !45] && Implies[31,  !46] && Implies[31, 47] && Implies[31, 48] && Implies[31, 49] && Implies[31, 45] && Implies[1, 41] && Implies[1, 42] && Implies[1, 43] && Implies[1, 44] && Implies[1,  !40] && Implies[2, 41] && Implies[2,  !42] && Implies[2, 43] && Implies[2, 44] && Implies[2, 40] && Implies[50, 54] && Implies[50, 55] && Implies[50, 56] && Implies[50, 57] && Implies[50,  !53] && Implies[51, 54] && Implies[51, 55] && Implies[51,  !56] && Implies[51, 57] && Implies[51, 53] && Implies[59, 27] && Implies[24, 59] && Implies[34, 46] && Implies[34, 47] && Implies[37, 54] && Implies[37, 55] && Implies[35, 46] && Implies[35, 47] && Implies[35, 48] && Implies[38, 54] && Implies[38, 55] && Implies[38, 56] && Implies[4, 41] && Implies[4, 42] && Implies[5, 41] && Implies[5, 42] && Implies[5, 43] && Implies[25, 33] && Implies[21, 79] && Implies[21, 24] && Implies[22, 79] && Implies[22, 25] && Implies[22, 19] &&  !12 && Implies[25,  !24] && Implies[33,  !27]
l {11, 31, 58,  !12,  !29,  !35}
l {45, 47, 48, 49,  !46}
l { !30,  !34}
l {}
tau Implies[41 && 42 && 43 && 44,  !40] && Implies[ !41 && 42, 43] && Implies[ !43 && 42, 41] && Implies[ !42 && 43, 44] && Implies[ !44 && 43, 42] && Implies[ !43 && 44, 40] && Implies[ !40 && 44, 43] && Implies[41 && 42 && 43 && 44 &&  !40, 1] && Implies[41 &&  !42 && 43 && 44 && 40, 2] && Implies[54 && 55 && 56 && 57,  !53] && Implies[54 && 55 && 56 && 57 &&  !53, 50] && Implies[54 && 55 &&  !56 && 57 && 53, 51] && Implies[59 && 26, 78] && Implies[59, 24] && Implies[24,  !54] &&  !(24 && 50) &&  !(24 && 54) && Implies[54 && 55, 37] &&  !(24 && 37) && Implies[54 && 55 && 56, 38] &&  !(24 && 38) && Implies[41 && 42, 4] && Implies[41 && 42 && 43, 5] && Implies[33, 25] && Implies[25 &&  !54,  !41] && Implies[25 &&  !40, 50] && Implies[25 && 41, 54] && Implies[25 &&  !42, 54] && Implies[25 && 4, 37] && Implies[25 &&  !43, 37] && Implies[25 && 5, 38] && Implies[25 &&  !44, 38] && Implies[25 &&  !54 && 55, 56] && Implies[25 &&  !56 && 55, 54] && Implies[25 &&  !55 && 56, 57] && Implies[25 &&  !57 && 56, 55] && Implies[25 &&  !53 && 57, 56] && Implies[25 &&  !56 && 57, 53] && Implies[42 && 43 && 44 && 40 && 55 && 56 && 57 && 53, 79] && Implies[79 && 24, 21] && Implies[24 && 38, 21] && Implies[41,  !42] && Implies[42,  !41] && Implies[19, 22] && Implies[79 && 25, 22] && Implies[22 &&  !41 && 42 && 54,  !55] && Implies[22 &&  !41 && 42 && 55,  !54] && Implies[22 &&  !42 && 43 && 55,  !56] && Implies[22 &&  !42 && 43 && 56,  !55] && Implies[22 &&  !43 && 44 && 56,  !57] && Implies[22 &&  !43 && 44 && 57,  !56] && Implies[22 &&  !44 && 40 && 57,  !53] && Implies[22 &&  !44 && 40 && 53,  !57] && Implies[25 &&  !55, 19] && Implies[25 &&  !43 &&  !56, 19] && Implies[25 &&  !42 &&  !56, 19] && Implies[25 &&  !44 &&  !57, 19] && Implies[25 &&  !43 &&  !57, 19] && Implies[25 &&  !40, 19] && Implies[1, 41] && Implies[1, 42] && Implies[1, 43] && Implies[1, 44] && Implies[1,  !40] && Implies[2, 41] && Implies[2,  !42] && Implies[2, 43] && Implies[2, 44] && Implies[2, 40] && Implies[50, 54] && Implies[50, 55] && Implies[50, 56] && Implies[50, 57] && Implies[50,  !53] && Implies[51, 54] && Implies[51, 55] && Implies[51,  !56] && Implies[51, 57] && Implies[51, 53] && Implies[59, 27] && Implies[24, 59] && Implies[37, 54] && Implies[37, 55] && Implies[38, 54] && Implies[38, 55] && Implies[38, 56] && Implies[4, 41] && Implies[4, 42] && Implies[5, 41] && Implies[5, 42] && Implies[5, 43] && Implies[25, 33] && Implies[21, 79] && Implies[21, 24] && Implies[22, 79] && Implies[22, 25] && Implies[22, 19] && Implies[25,  !24] && Implies[33,  !27]
Anzahl Instanzen 8549
Erste Instanz : { !1, 2,  !4,  !5, 19,  !21, 22,  !24, 25, 26,  !27, 33, 37,  !38, 40, 41,  !42, 43, 44,  !50, 51, 53, 54, 55,  !56, 57,  !59, 78, 79}
Boolean Variables : {2, 19, 21, 22, 24, 25, 26, 27, 33, 37, 38, 40, 41, 42, 43, 44, 50, 51, 53, 54, 55, 56, 57, 59, 78, 79}
ch {68,  !69,  !70,  !71,  !67, 63,  !64,  !65,  !66,  !62,  !73,  !74,  !75,  !76, 72}
bk { !9,  !17, 16, 14, 13,  !15, 10}
ev {60,  !6,  !36,  !39}
 posTot {3, 7, 10, 13, 14, 16, 18, 20, 28, 32, 52, 60, 61, 63, 68, 72, 77,  !6,  !9,  !15,  !17,  !36,  !39,  !62,  !64,  !65,  !66,  !67,  !69,  !70,  !71,  !73,  !74,  !75,  !76}
posNeu {3, 7, 10, 13, 14, 16, 18, 20, 28, 32, 52, 60, 61,  !41,  !46,  !53, 77,  !6,  !9,  !15,  !17,  !36,  !39, 40, 42, 43, 44, 45, 47, 48, 49, 54, 55, 56, 57}
TAU vor Vereinfachung Implies[29 && 58, 12] && Implies[29 && 12, 58] &&  !35 && Implies[29, 8] && 31 && 31 && 50 && Implies[59 && 26, 78] && Implies[59, 24] &&  !(24 && 31) && Implies[24 && 50, 30] &&  !24 && 37 && Implies[24 && 37, 34] && 38 && Implies[24 && 38, 35] && 31 && Implies[34, 4] && Implies[35, 5] && Implies[33, 25] && Implies[25 && 4, 37] && Implies[25 && 5, 38] && Implies[30 && 1 && 50, 79] && Implies[79 && 24, 21] && Implies[24 && 38, 21] && Implies[19, 22] && Implies[79 && 25, 22] &&  !22 &&  !22 &&  !29 && 11 && 58 &&  !30 &&  !30 &&  !1 &&  !1 &&  !2 &&  !2 &&  !51 &&  !51 && Implies[59, 27] && Implies[24, 59] &&  !34 &&  !35 &&  !4 &&  !5 && Implies[25, 33] && Implies[21, 79] && Implies[21, 24] && Implies[22, 79] && Implies[22, 25] && Implies[22, 19] &&  !12 && Implies[25,  !24] && Implies[33,  !27]
l {11, 31, 37, 38, 50, 58,  !1,  !2,  !4,  !5,  !12,  !22,  !24,  !29,  !30,  !34,  !35,  !51}
l { !19,  !21,  !59}
l {}
tau Implies[33, 25] &&  !(79 && 25) && Implies[25, 33] && Implies[33,  !27]
Anzahl Instanzen 5
Erste Instanz : {25,  !27, 33,  !79}
Boolean Variables : {25, 27, 33, 79}
