Mathematica File /home/cguenth/GDC/GDC_CONF.m
REV BR
PERS DLB
CONF ALL
Eingabe - Datei - TAU 2 /home/cguenth/GDC/TAU2/GDC_Tau_Simplified_S1.txt
Eingabe - Datei - POS /home/cguenth/GDC/POS/gdc_pos_S1.txt
Eingabe - Datei - SIG /home/cguenth/GDC/SIG2/GDC_Sigma_2_S1.txt
Ausgabe - Ordner /home/cguenth/GDC/GDC_Conf_BR_DLB_ALL_Out
Ausgabe - Datei GDC_CONF_BR_DLB_ALL_S1.txt
Package path /home/cguenth/GDC/DialecticalStructures/Argdown.m
Package path /home/cguenth/GDC/DialecticalStructures/GDCAnalysis3.m
Package path /home/cguenth/GDC/DialecticalStructures/GDCTools.m
Positions - Indexe {3, 3, 3}
PosFileInBR /home/cguenth/GDC/POS/gdc_pos_S0.txt
 posTot {4, 8, 9, 11, 19, 20, 22, 29, 33, 38, 42, 55, 62, 64, 80, 81}
posNeu {4, 8, 9, 11, 19, 20, 22, 29, 33, 38, 42, 55, 62, 64, 80, 81}
TAU vor Vereinfachung Implies[30 && 61, 14] && Implies[30 && 14, 61] &&  !(30 && 10) && Implies[18 && 15, 63] && Implies[18 && 63, 15] && Implies[17 && 12, 63] && Implies[17 && 63, 12] && 25 && Implies[49 && 50 && 51 && 52,  !48] && Implies[51 && 52 && 48, 35] && Implies[ !49 && 50, 32] && Implies[ !51 && 50, 49] && Implies[ !50 && 51, 35] && Implies[ !52 && 51, 37] && Implies[ !51 && 52, 48] && Implies[ !48 && 52, 31] && Implies[ !49 &&  !51, 58] && Implies[ !50 &&  !52, 59] && Implies[ !51 &&  !48, 60] && Implies[49 && 50 && 51 && 52 &&  !48, 31] && 31 && Implies[ !49 && 50 && 51 && 52 && 48, 32] && Implies[18 && 16, 32] && Implies[18 && 32, 16] && Implies[44 && 45 && 46 && 47,  !43] && Implies[46 && 47 && 43, 5] && Implies[ !44 && 45, 5] && Implies[ !46 && 45, 44] && Implies[ !45 && 46, 5] && Implies[ !47 && 46, 7] && Implies[ !46 && 47, 43] && Implies[ !43 && 47, 1] && Implies[ !44 &&  !46, 58] && Implies[ !45 &&  !47, 59] && Implies[ !46 &&  !43, 60] && Implies[44 && 45 && 46 && 47 &&  !43, 1] && 1 && Implies[44 &&  !45 && 46 && 47 && 43, 3] && Implies[57 && 58 && 59 && 60,  !56] && Implies[57 && 58 && 59 && 60 &&  !56, 53] && 53 && Implies[57 && 58 &&  !59 && 60 && 56, 54] && 26 && Implies[26 && 32,  !57] && Implies[26 && 53, 31] && Implies[26 && 57, 49] && Implies[49 && 50, 36] && Implies[57 && 58, 40] && Implies[26 && 40, 36] && Implies[49 && 50 && 51, 37] && Implies[57 && 58 && 59, 41] && Implies[26 && 41, 37] && Implies[ !44, 32] && Implies[ !48, 1] && Implies[49, 44] && Implies[ !50, 44] && Implies[44 && 45, 6] && Implies[36, 6] && Implies[ !51, 6] && Implies[44 && 45 && 46, 7] && Implies[37, 7] && Implies[ !52, 7] && Implies[34, 27] && Implies[27 &&  !48, 53] && Implies[ !44 && 45 && 46 && 47 && 43, 2] && Implies[27 &&  !57, 2] && Implies[27 &&  !43, 53] && Implies[27 && 44, 57] && Implies[27 &&  !45, 57] && Implies[27 && 6, 40] && Implies[27 &&  !46, 40] && Implies[27 && 7, 41] && Implies[27 &&  !47, 41] && Implies[59 && 60 && 56, 39] && Implies[27 &&  !57 && 58, 39] && Implies[27 &&  !59 && 58, 57] && Implies[27 &&  !58 && 59, 39] && Implies[27 &&  !60 && 59, 41] && Implies[27 &&  !56 && 60, 53] && Implies[27 &&  !59 && 60, 56] && Implies[26, 23] && Implies[26 && 41, 23] && Implies[ !49 && 50 && 44,  !45] && Implies[ !49 && 50 && 45,  !44] && Implies[ !50 && 51 && 45,  !46] && Implies[ !50 && 51 && 46,  !45] && Implies[ !51 && 52 && 46,  !47] && Implies[ !51 && 52 && 47,  !46] && Implies[ !52 && 48 && 47,  !43] && Implies[ !52 && 48 && 43,  !47] && Implies[ !49 &&  !46, 58] && Implies[ !50 &&  !47, 59] && Implies[ !51 &&  !43, 60] && Implies[21, 24] && Implies[27, 24] && Implies[24 &&  !44 && 45 && 57,  !58] && Implies[24 &&  !44 && 45 && 58,  !57] && Implies[24 &&  !45 && 46 && 58,  !59] && Implies[24 &&  !45 && 46 && 59,  !58] && Implies[24 &&  !46 && 47 && 59,  !60] && Implies[24 &&  !46 && 47 && 60,  !59] && Implies[24 &&  !47 && 43 && 60,  !56] && Implies[24 &&  !47 && 43 && 56,  !60] && Implies[27 &&  !58, 21] && Implies[27 &&  !46 &&  !59, 21] && Implies[27 &&  !45 &&  !59, 21] && Implies[27 &&  !47 &&  !60, 21] && Implies[27 &&  !46 &&  !60, 21] && Implies[27 &&  !43, 21] && Implies[30, 17] && Implies[12, 13] && 61 && Implies[35, 52] && Implies[35, 48] && Implies[35, 51] && Implies[31, 49] && Implies[31, 50] && Implies[31, 51] && Implies[31, 52] && Implies[31,  !48] && Implies[32,  !49] && Implies[32, 50] && Implies[32, 51] && Implies[32, 52] && Implies[32, 48] && Implies[5, 46] && Implies[5, 47] && Implies[5, 43] && Implies[1, 44] && Implies[1, 45] && Implies[1, 46] && Implies[1, 47] && Implies[1,  !43] && Implies[3, 44] && Implies[3,  !45] && Implies[3, 46] && Implies[3, 47] && Implies[3, 43] && Implies[53, 57] && Implies[53, 58] && Implies[53, 59] && Implies[53, 60] && Implies[53,  !56] && Implies[54, 57] && Implies[54, 58] && Implies[54,  !59] && Implies[54, 60] && Implies[54, 56] && 28 && Implies[36, 49] && Implies[36, 50] && Implies[40, 57] && Implies[40, 58] && Implies[37, 49] && Implies[37, 50] && Implies[37, 51] && Implies[41, 57] && Implies[41, 58] && Implies[41, 59] && Implies[6, 44] && Implies[6, 45] && Implies[7, 44] && Implies[7, 45] && Implies[7, 46] && Implies[27, 34] && Implies[2,  !44] && Implies[2, 45] && Implies[2, 46] && Implies[2, 47] && Implies[2, 43] && Implies[39, 59] && Implies[39, 60] && Implies[39, 56] && Implies[23, 26] && Implies[24, 27] && Implies[24, 21] && Implies[14,  !12] && Implies[27,  !26] && Implies[34,  !28]
l {1, 25, 26, 28, 31, 53, 61}
l {23, 44, 45, 46, 47, 49, 50, 51, 52, 57, 58, 59, 60,  !27,  !34,  !43,  !48,  !56}
l {6, 7, 36, 37, 40, 41,  !2,  !3,  !5,  !24,  !32,  !35,  !39,  !54}
l { !21}
l {}
TAU nach Vereinfachung (EVBK) : Implies[30, 14] &&  !(30 && 10) && Implies[18 && 15, 63] && Implies[18 && 63, 15] && Implies[17 && 12, 63] && Implies[17 && 63, 12] &&  !(18 && 16) && Implies[30, 17] && Implies[12, 13] && Implies[14,  !12]
PosFileInBR /home/cguenth/GDC/POS/gdc_pos_S0.txt
 posTot {4, 8, 9, 11, 19, 20, 22, 29, 33, 38, 42, 44, 45, 46, 47, 49, 50, 51, 52, 55, 57, 58, 59, 60, 62, 64, 80, 81,  !43,  !48,  !56}
posNeu {4, 8, 9, 11, 19, 20, 22, 29, 33, 38, 42, 44, 45, 46, 47, 49, 50, 51, 52, 55, 57, 58, 59, 60, 62, 64, 80, 81,  !43,  !48,  !56}
TAU vor Vereinfachung Implies[30 && 61, 14] && Implies[30 && 14, 61] &&  !(30 && 10) && Implies[18 && 15, 63] && Implies[18 && 63, 15] && Implies[17 && 12, 63] && Implies[17 && 63, 12] && 25 && 31 && 31 && 31 && Implies[18 && 16, 32] && Implies[18 && 32, 16] && 1 && 1 && 1 && 53 && 53 && 26 &&  !(26 && 32) && Implies[26 && 53, 31] && 36 && 40 && Implies[26 && 40, 36] && 37 && 41 && Implies[26 && 41, 37] && 1 && 6 && Implies[36, 6] && 7 && Implies[37, 7] && Implies[34, 27] && Implies[27, 53] && Implies[27, 53] && Implies[27 && 6, 40] && Implies[27 && 7, 41] && Implies[27, 53] && Implies[26, 23] && Implies[26 && 41, 23] && Implies[21, 24] && Implies[27, 24] && Implies[27, 21] && Implies[30, 17] && Implies[12, 13] && 61 &&  !35 &&  !32 &&  !32 &&  !5 &&  !3 &&  !3 &&  !54 &&  !54 && 28 && Implies[27, 34] &&  !2 &&  !2 &&  !39 && Implies[23, 26] && Implies[24, 27] && Implies[24, 21] && Implies[14,  !12] && Implies[27,  !26] && Implies[34,  !28]
l {1, 6, 7, 25, 26, 28, 31, 36, 37, 40, 41, 53, 61,  !2,  !3,  !5,  !32,  !35,  !39,  !54}
l {23,  !27,  !34}
l { !24}
l { !21}
l {}
TAU nach Vereinfachung (CHEVBK) : Implies[30, 14] &&  !(30 && 10) && Implies[18 && 15, 63] && Implies[18 && 63, 15] && Implies[17 && 12, 63] && Implies[17 && 63, 12] &&  !(18 && 16) && Implies[30, 17] && Implies[12, 13] && Implies[14,  !12]
PosFileInBR /home/cguenth/GDC/POS/gdc_pos_S0.txt
 posTot {4, 9, 20, 22, 29, 33, 44, 45, 46, 47, 49, 50, 51, 52, 55, 57, 58, 59, 60, 64, 80,  !43,  !48,  !56}
posNeu {4, 9, 20, 22, 29, 33, 44, 45, 46, 47, 49, 50, 51, 52, 55, 57, 58, 59, 60, 64, 80,  !43,  !48,  !56}
TAU vor Vereinfachung Implies[30 && 61, 14] && Implies[30 && 14, 61] &&  !(37 &&  !11) && Implies[30 && 10,  !11] && Implies[30 &&  !11, 10] && Implies[18 && 15, 63] && Implies[18 && 63, 15] && Implies[17 && 12, 63] && Implies[17 && 63, 12] && Implies[19, 25] && 31 && 31 && Implies[19 && 31, 38] && Implies[19 && 38, 31] && Implies[18 && 16, 32] && Implies[18 && 32, 16] && 1 && 1 && Implies[19 && 1, 8] && Implies[19 && 8, 1] && 53 && Implies[19 && 53, 42] && Implies[19 && 42, 53] && Implies[62, 26] &&  !(26 && 32) && Implies[26 && 53, 31] && 36 && 40 && Implies[26 && 40, 36] && 37 && 41 && Implies[26 && 41, 37] && 1 && 6 && Implies[36, 6] && 7 && Implies[37, 7] && Implies[34, 27] && Implies[27, 53] && Implies[27, 53] && Implies[27 && 6, 40] && Implies[27 && 7, 41] && Implies[27, 53] && Implies[31 && 1 && 53, 81] && Implies[81 && 26, 23] && Implies[26 && 41, 23] && Implies[21, 24] && Implies[81 && 27, 24] && Implies[27, 21] && Implies[30, 17] && Implies[12, 13] && 61 &&  !35 &&  !32 &&  !32 &&  !5 &&  !3 &&  !3 &&  !54 &&  !54 && Implies[62, 28] && Implies[26, 62] && Implies[27, 34] &&  !2 &&  !2 &&  !39 && Implies[23, 81] && Implies[23, 26] && Implies[24, 81] && Implies[24, 27] && Implies[24, 21] && Implies[14,  !12] && Implies[27,  !26] && Implies[34,  !28]
l {1, 6, 7, 31, 36, 37, 40, 41, 53, 61,  !2,  !3,  !5,  !32,  !35,  !39,  !54}
l {11, 81}
l {}
TAU nach Vereinfachung (CH) : Implies[30, 14] &&  !(30 && 10) && Implies[18 && 15, 63] && Implies[18 && 63, 15] && Implies[17 && 12, 63] && Implies[17 && 63, 12] && Implies[19, 25] && Implies[19, 38] &&  !(18 && 16) && Implies[19, 8] && Implies[19, 42] && Implies[62, 26] && Implies[34, 27] && Implies[26, 23] && Implies[26, 23] && Implies[21, 24] && Implies[27, 24] && Implies[27, 21] && Implies[30, 17] && Implies[12, 13] && Implies[62, 28] && Implies[26, 62] && Implies[27, 34] && Implies[23, 26] && Implies[24, 27] && Implies[24, 21] && Implies[14,  !12] && Implies[27,  !26] && Implies[34,  !28]
sigmaH 10880
sigma 24950560
 dojH {0.00043606235691703914, 10880, 24950560}
 z {0.9999999999999999, 1., 0.00043606235691703914}
 dojEK {6.412681719368223*^-6, 160, 24950560}
 f {1, 1., 6.412681719368223*^-6, 0.00043606235691703914}
PosFileInBR /home/cguenth/GDC/POS/gdc_pos_S0.txt
 posTot {4, 8, 9, 11, 19, 20, 22, 29, 33, 38, 42, 55, 62, 64, 80, 81}
posNeu {4, 8, 9, 11, 19, 20, 22, 29, 33, 38, 42, 55, 62, 64, 80, 81}
TAU vor Vereinfachung Implies[30 && 61, 14] && Implies[30 && 14, 61] &&  !(30 && 10) && Implies[18 && 15, 63] && Implies[18 && 63, 15] && Implies[17 && 12, 63] && Implies[17 && 63, 12] && 25 && Implies[49 && 50 && 51 && 52,  !48] && Implies[51 && 52 && 48, 35] && Implies[ !49 && 50, 32] && Implies[ !51 && 50, 49] && Implies[ !50 && 51, 35] && Implies[ !52 && 51, 37] && Implies[ !51 && 52, 48] && Implies[ !48 && 52, 31] && Implies[ !49 &&  !51, 58] && Implies[ !50 &&  !52, 59] && Implies[ !51 &&  !48, 60] && Implies[49 && 50 && 51 && 52 &&  !48, 31] && 31 && Implies[ !49 && 50 && 51 && 52 && 48, 32] && Implies[18 && 16, 32] && Implies[18 && 32, 16] && Implies[44 && 45 && 46 && 47,  !43] && Implies[46 && 47 && 43, 5] && Implies[ !44 && 45, 5] && Implies[ !46 && 45, 44] && Implies[ !45 && 46, 5] && Implies[ !47 && 46, 7] && Implies[ !46 && 47, 43] && Implies[ !43 && 47, 1] && Implies[ !44 &&  !46, 58] && Implies[ !45 &&  !47, 59] && Implies[ !46 &&  !43, 60] && Implies[44 && 45 && 46 && 47 &&  !43, 1] && 1 && Implies[44 &&  !45 && 46 && 47 && 43, 3] && Implies[57 && 58 && 59 && 60,  !56] && Implies[57 && 58 && 59 && 60 &&  !56, 53] && 53 && Implies[57 && 58 &&  !59 && 60 && 56, 54] && 26 && Implies[26 && 32,  !57] && Implies[26 && 53, 31] && Implies[26 && 57, 49] && Implies[49 && 50, 36] && Implies[57 && 58, 40] && Implies[26 && 40, 36] && Implies[49 && 50 && 51, 37] && Implies[57 && 58 && 59, 41] && Implies[26 && 41, 37] && Implies[ !44, 32] && Implies[ !48, 1] && Implies[49, 44] && Implies[ !50, 44] && Implies[44 && 45, 6] && Implies[36, 6] && Implies[ !51, 6] && Implies[44 && 45 && 46, 7] && Implies[37, 7] && Implies[ !52, 7] && Implies[34, 27] && Implies[27 &&  !48, 53] && Implies[ !44 && 45 && 46 && 47 && 43, 2] && Implies[27 &&  !57, 2] && Implies[27 &&  !43, 53] && Implies[27 && 44, 57] && Implies[27 &&  !45, 57] && Implies[27 && 6, 40] && Implies[27 &&  !46, 40] && Implies[27 && 7, 41] && Implies[27 &&  !47, 41] && Implies[59 && 60 && 56, 39] && Implies[27 &&  !57 && 58, 39] && Implies[27 &&  !59 && 58, 57] && Implies[27 &&  !58 && 59, 39] && Implies[27 &&  !60 && 59, 41] && Implies[27 &&  !56 && 60, 53] && Implies[27 &&  !59 && 60, 56] && Implies[26, 23] && Implies[26 && 41, 23] && Implies[ !49 && 50 && 44,  !45] && Implies[ !49 && 50 && 45,  !44] && Implies[ !50 && 51 && 45,  !46] && Implies[ !50 && 51 && 46,  !45] && Implies[ !51 && 52 && 46,  !47] && Implies[ !51 && 52 && 47,  !46] && Implies[ !52 && 48 && 47,  !43] && Implies[ !52 && 48 && 43,  !47] && Implies[ !49 &&  !46, 58] && Implies[ !50 &&  !47, 59] && Implies[ !51 &&  !43, 60] && Implies[21, 24] && Implies[27, 24] && Implies[24 &&  !44 && 45 && 57,  !58] && Implies[24 &&  !44 && 45 && 58,  !57] && Implies[24 &&  !45 && 46 && 58,  !59] && Implies[24 &&  !45 && 46 && 59,  !58] && Implies[24 &&  !46 && 47 && 59,  !60] && Implies[24 &&  !46 && 47 && 60,  !59] && Implies[24 &&  !47 && 43 && 60,  !56] && Implies[24 &&  !47 && 43 && 56,  !60] && Implies[27 &&  !58, 21] && Implies[27 &&  !46 &&  !59, 21] && Implies[27 &&  !45 &&  !59, 21] && Implies[27 &&  !47 &&  !60, 21] && Implies[27 &&  !46 &&  !60, 21] && Implies[27 &&  !43, 21] && Implies[30, 17] && Implies[12, 13] && 61 && Implies[35, 52] && Implies[35, 48] && Implies[35, 51] && Implies[31, 49] && Implies[31, 50] && Implies[31, 51] && Implies[31, 52] && Implies[31,  !48] && Implies[32,  !49] && Implies[32, 50] && Implies[32, 51] && Implies[32, 52] && Implies[32, 48] && Implies[5, 46] && Implies[5, 47] && Implies[5, 43] && Implies[1, 44] && Implies[1, 45] && Implies[1, 46] && Implies[1, 47] && Implies[1,  !43] && Implies[3, 44] && Implies[3,  !45] && Implies[3, 46] && Implies[3, 47] && Implies[3, 43] && Implies[53, 57] && Implies[53, 58] && Implies[53, 59] && Implies[53, 60] && Implies[53,  !56] && Implies[54, 57] && Implies[54, 58] && Implies[54,  !59] && Implies[54, 60] && Implies[54, 56] && 28 && Implies[36, 49] && Implies[36, 50] && Implies[40, 57] && Implies[40, 58] && Implies[37, 49] && Implies[37, 50] && Implies[37, 51] && Implies[41, 57] && Implies[41, 58] && Implies[41, 59] && Implies[6, 44] && Implies[6, 45] && Implies[7, 44] && Implies[7, 45] && Implies[7, 46] && Implies[27, 34] && Implies[2,  !44] && Implies[2, 45] && Implies[2, 46] && Implies[2, 47] && Implies[2, 43] && Implies[39, 59] && Implies[39, 60] && Implies[39, 56] && Implies[23, 26] && Implies[24, 27] && Implies[24, 21] && Implies[14,  !12] && Implies[27,  !26] && Implies[34,  !28]
l {1, 25, 26, 28, 31, 53, 61}
l {23, 44, 45, 46, 47, 49, 50, 51, 52, 57, 58, 59, 60,  !27,  !34,  !43,  !48,  !56}
l {6, 7, 36, 37, 40, 41,  !2,  !3,  !5,  !24,  !32,  !35,  !39,  !54}
l { !21}
l {}
tau Implies[30, 14] &&  !(30 && 10) && Implies[18 && 15, 63] && Implies[18 && 63, 15] && Implies[17 && 12, 63] && Implies[17 && 63, 12] &&  !(18 && 16) && Implies[30, 17] && Implies[12, 13] && Implies[14,  !12]
Anzahl Instanzen 160
Erste Instanz : {10, 12, 13,  !14, 15, 16, 17,  !18,  !30, 63}
Boolean Variables : {10, 12, 13, 14, 15, 16, 17, 18, 30, 63}
PosFileInBR /home/cguenth/GDC/POS/gdc_pos_S0.txt
 posTot {4, 8, 9, 11, 19, 20, 22, 29, 33, 38, 42, 44, 45, 46, 47, 49, 50, 51, 52, 55, 57, 58, 59, 60, 62, 64, 80, 81,  !43,  !48,  !56}
posNeu {4, 8, 9, 11, 19, 20, 22, 29, 33, 38, 42, 44, 45, 46, 47, 49, 50, 51, 52, 55, 57, 58, 59, 60, 62, 64, 80, 81,  !43,  !48,  !56}
TAU vor Vereinfachung Implies[30 && 61, 14] && Implies[30 && 14, 61] &&  !(30 && 10) && Implies[18 && 15, 63] && Implies[18 && 63, 15] && Implies[17 && 12, 63] && Implies[17 && 63, 12] && 25 && 31 && 31 && 31 && Implies[18 && 16, 32] && Implies[18 && 32, 16] && 1 && 1 && 1 && 53 && 53 && 26 &&  !(26 && 32) && Implies[26 && 53, 31] && 36 && 40 && Implies[26 && 40, 36] && 37 && 41 && Implies[26 && 41, 37] && 1 && 6 && Implies[36, 6] && 7 && Implies[37, 7] && Implies[34, 27] && Implies[27, 53] && Implies[27, 53] && Implies[27 && 6, 40] && Implies[27 && 7, 41] && Implies[27, 53] && Implies[26, 23] && Implies[26 && 41, 23] && Implies[21, 24] && Implies[27, 24] && Implies[27, 21] && Implies[30, 17] && Implies[12, 13] && 61 &&  !35 &&  !32 &&  !32 &&  !5 &&  !3 &&  !3 &&  !54 &&  !54 && 28 && Implies[27, 34] &&  !2 &&  !2 &&  !39 && Implies[23, 26] && Implies[24, 27] && Implies[24, 21] && Implies[14,  !12] && Implies[27,  !26] && Implies[34,  !28]
l {1, 6, 7, 25, 26, 28, 31, 36, 37, 40, 41, 53, 61,  !2,  !3,  !5,  !32,  !35,  !39,  !54}
l {23,  !27,  !34}
l { !24}
l { !21}
l {}
tau Implies[30, 14] &&  !(30 && 10) && Implies[18 && 15, 63] && Implies[18 && 63, 15] && Implies[17 && 12, 63] && Implies[17 && 63, 12] &&  !(18 && 16) && Implies[30, 17] && Implies[12, 13] && Implies[14,  !12]
Anzahl Instanzen 160
Erste Instanz : {10, 12, 13,  !14, 15, 16, 17,  !18,  !30, 63}
Boolean Variables : {10, 12, 13, 14, 15, 16, 17, 18, 30, 63}
