Mathematica File /home/kit/itz/qb3892/GDC/GDC_CONF.m
REV BR
PERS DLB
CONF ALL
Eingabe - Datei - TAU 2 /home/kit/itz/qb3892/GDC/TAU2/GDC_Tau_Simplified_S2.txt
Eingabe - Datei - POS /home/kit/itz/qb3892/GDC/POS/gdc_pos_S2.txt
Eingabe - Datei - SIG /home/kit/itz/qb3892/GDC/SIG2/GDC_Sigma_2_S2.txt
Ausgabe - Ordner /home/kit/itz/qb3892/GDC/GDC_Conf_BR_DLB_ALL_Out
Ausgabe - Datei GDC_CONF_BR_DLB_ALL_S2.txt
Package path /pfs/data5/home/kit/itz/qb3892/GDC/DialecticalStructures/Argdown.m
Package path /pfs/data5/home/kit/itz/qb3892/GDC/DialecticalStructures/GDCAnalysis3.m
Package path /pfs/data5/home/kit/itz/qb3892/GDC/DialecticalStructures/GDCTools.m
Positions - Indexe {3, 3, 3}
PosFileInBR /home/kit/itz/qb3892/GDC/POS/gdc_pos_S1.txt
 posTot {4, 8, 9, 11, 17, 19, 25, 27, 29, 31, 39, 41, 47, 52, 56, 72, 80, 81, 84, 85, 86, 102, 103,  !12,  !14,  !16,  !21,  !23}
posNeu {4, 8, 9, 11, 17, 19, 25, 27, 29, 31, 39, 41, 47, 52, 56, 72, 80, 81, 84, 85, 86, 102, 103,  !12,  !14,  !16,  !21,  !23}
TAU vor Vereinfachung  !22 && Implies[40,  !24] &&  !20 && Implies[40,  !18] && 26 && Implies[42,  !28] &&  !(44 && 79) &&  !(44 && 10) && 35 && Implies[83, 82] && 43 && Implies[66 && 67 && 68 && 69,  !65] && Implies[68 && 69 && 65, 49] && Implies[ !66 && 67, 46] && Implies[ !68 && 67, 66] && Implies[ !67 && 68, 49] && Implies[ !69 && 68, 51] && Implies[ !68 && 69, 65] && Implies[ !65 && 69, 45] && Implies[ !66 &&  !68, 75] && Implies[ !67 &&  !69, 76] && Implies[ !68 &&  !65, 77] && Implies[66 && 67 && 68 && 69 &&  !65, 45] && 45 && Implies[ !66 && 67 && 68 && 69 && 65, 46] && Implies[58 && 59 && 60 && 61,  !57] && Implies[60 && 61 && 57, 5] && Implies[ !58 && 59, 5] && Implies[ !60 && 59, 58] && Implies[ !59 && 60, 5] && Implies[ !61 && 60, 7] && Implies[ !60 && 61, 57] && Implies[ !57 && 61, 1] && Implies[ !58 &&  !60, 75] && Implies[ !59 &&  !61, 76] && Implies[ !60 &&  !57, 77] && Implies[58 && 59 && 60 && 61 &&  !57, 1] && 1 && Implies[58 &&  !59 && 60 && 61 && 57, 3] && Implies[74 && 75 && 76 && 77,  !73] && Implies[74 && 75 && 76 && 77 &&  !73, 70] && 70 && Implies[74 && 75 &&  !76 && 77 && 73, 71] && 36 && Implies[36 && 46,  !74] && Implies[36 && 70, 45] && Implies[36 && 74, 66] && Implies[66 && 67, 50] && Implies[74 && 75, 54] && Implies[36 && 54, 50] && Implies[66 && 67 && 68, 51] && Implies[74 && 75 && 76, 55] && Implies[36 && 55, 51] && Implies[ !58, 46] && Implies[ !65, 1] && Implies[66, 58] && Implies[ !67, 58] && Implies[58 && 59, 6] && Implies[50, 6] && Implies[ !68, 6] && Implies[58 && 59 && 60, 7] && Implies[51, 7] && Implies[ !69, 7] && Implies[48, 37] && Implies[37 &&  !65, 70] && Implies[ !66 && 74, 48] && Implies[ !58 && 59 && 60 && 61 && 57, 2] && Implies[37 &&  !74, 2] && Implies[37 &&  !57, 70] && Implies[37 && 58, 74] && Implies[37 &&  !59, 74] && Implies[37 && 6, 54] && Implies[37 &&  !60, 54] && Implies[37 && 7, 55] && Implies[37 &&  !61, 55] && Implies[76 && 77 && 73, 53] && Implies[37 &&  !74 && 75, 53] && Implies[37 &&  !76 && 75, 74] && Implies[37 &&  !75 && 76, 53] && Implies[37 &&  !77 && 76, 55] && Implies[37 &&  !73 && 77, 70] && Implies[37 &&  !76 && 77, 73] && Implies[36, 32] && Implies[36 && 55, 32] && Implies[ !66 && 67 && 58,  !59] && Implies[ !66 && 67 && 59,  !58] && Implies[ !67 && 68 && 59,  !60] && Implies[ !67 && 68 && 60,  !59] && Implies[ !68 && 69 && 60,  !61] && Implies[ !68 && 69 && 61,  !60] && Implies[ !69 && 65 && 61,  !57] && Implies[ !69 && 65 && 57,  !61] && Implies[ !66 &&  !60, 75] && Implies[ !67 &&  !61, 76] && Implies[ !68 &&  !57, 77] && Implies[30, 33] && Implies[37, 33] && Implies[33 &&  !58 && 59 && 74,  !75] && Implies[33 &&  !58 && 59 && 75,  !74] && Implies[33 &&  !59 && 60 && 75,  !76] && Implies[33 &&  !59 && 60 && 76,  !75] && Implies[33 &&  !60 && 61 && 76,  !77] && Implies[33 &&  !60 && 61 && 77,  !76] && Implies[33 &&  !61 && 57 && 77,  !73] && Implies[33 &&  !61 && 57 && 73,  !77] && Implies[37 &&  !75, 30] && Implies[37 &&  !60 &&  !76, 30] && Implies[37 &&  !59 &&  !76, 30] && Implies[37 &&  !61 &&  !77, 30] && Implies[37 &&  !60 &&  !77, 30] && Implies[37 &&  !57, 30] &&  !44 && Implies[15, 24] && Implies[22, 24] && Implies[20, 18] && Implies[42, 43] && Implies[35, 28] && Implies[34, 28] && Implies[26, 28] && 34 && 34 && 34 && 79 && Implies[83, 34] && Implies[49, 69] && Implies[49, 65] && Implies[49, 68] && Implies[45, 66] && Implies[45, 67] && Implies[45, 68] && Implies[45, 69] && Implies[45,  !65] && Implies[46,  !66] && Implies[46, 67] && Implies[46, 68] && Implies[46, 69] && Implies[46, 65] && Implies[5, 60] && Implies[5, 61] && Implies[5, 57] && Implies[1, 58] && Implies[1, 59] && Implies[1, 60] && Implies[1, 61] && Implies[1,  !57] && Implies[3, 58] && Implies[3,  !59] && Implies[3, 60] && Implies[3, 61] && Implies[3, 57] && Implies[70, 74] && Implies[70, 75] && Implies[70, 76] && Implies[70, 77] && Implies[70,  !73] && Implies[71, 74] && Implies[71, 75] && Implies[71,  !76] && Implies[71, 77] && Implies[71, 73] && 38 && Implies[50, 66] && Implies[50, 67] && Implies[54, 74] && Implies[54, 75] && Implies[51, 66] && Implies[51, 67] && Implies[51, 68] && Implies[55, 74] && Implies[55, 75] && Implies[55, 76] && Implies[6, 58] && Implies[6, 59] && Implies[7, 58] && Implies[7, 59] && Implies[7, 60] && Implies[37, 48] && Implies[2,  !58] && Implies[2, 59] && Implies[2, 60] && Implies[2, 61] && Implies[2, 57] && Implies[53, 76] && Implies[53, 77] && Implies[53, 73] && Implies[32, 36] && Implies[33, 37] && Implies[33, 30] && Implies[20, 18] && Implies[22, 24] && Implies[26, 28] && Implies[37,  !36] && Implies[48,  !38] &&  !82
l {1, 26, 34, 35, 36, 38, 43, 45, 70, 79,  !20,  !22,  !44,  !82}
l {28, 32, 58, 59, 60, 61, 66, 67, 68, 69, 74, 75, 76, 77,  !37,  !48,  !57,  !65,  !73,  !83}
l {6, 7, 50, 51, 54, 55,  !2,  !3,  !5,  !33,  !42,  !46,  !49,  !53,  !71}
l { !30}
l {}
TAU nach Vereinfachung (EVBK) : Implies[40,  !24] && Implies[40,  !18] && Implies[15, 24]
PosFileInBR /home/kit/itz/qb3892/GDC/POS/gdc_pos_S1.txt
 posTot {4, 8, 9, 11, 17, 19, 25, 27, 29, 31, 39, 41, 47, 52, 56, 58, 59, 60, 61, 66, 67, 68, 69, 72, 74, 75, 76, 77, 80, 81, 84, 85, 86, 102, 103,  !12,  !14,  !16,  !21,  !23,  !57,  !65,  !73}
posNeu {4, 8, 9, 11, 17, 19, 25, 27, 29, 31, 39, 41, 47, 52, 56, 58, 59, 60, 61, 66, 67, 68, 69, 72, 74, 75, 76, 77, 80, 81, 84, 85, 86, 102, 103,  !12,  !14,  !16,  !21,  !23,  !57,  !65,  !73}
TAU vor Vereinfachung  !22 && Implies[40,  !24] &&  !20 && Implies[40,  !18] && 26 && Implies[42,  !28] &&  !(44 && 79) &&  !(44 && 10) && 35 && Implies[83, 82] && 43 && 45 && 45 && 45 && 1 && 1 && 1 && 70 && 70 && 36 &&  !(36 && 46) && Implies[36 && 70, 45] && 50 && 54 && Implies[36 && 54, 50] && 51 && 55 && Implies[36 && 55, 51] && 1 && 6 && Implies[50, 6] && 7 && Implies[51, 7] && Implies[48, 37] && Implies[37, 70] && Implies[37, 70] && Implies[37 && 6, 54] && Implies[37 && 7, 55] && Implies[37, 70] && Implies[36, 32] && Implies[36 && 55, 32] && Implies[30, 33] && Implies[37, 33] && Implies[37, 30] &&  !44 && Implies[15, 24] && Implies[22, 24] && Implies[20, 18] && Implies[42, 43] && Implies[35, 28] && Implies[34, 28] && Implies[26, 28] && 34 && 34 && 34 && 79 && Implies[83, 34] &&  !49 &&  !46 &&  !46 &&  !5 &&  !3 &&  !3 &&  !71 &&  !71 && 38 && Implies[37, 48] &&  !2 &&  !2 &&  !53 && Implies[32, 36] && Implies[33, 37] && Implies[33, 30] && Implies[20, 18] && Implies[22, 24] && Implies[26, 28] && Implies[37,  !36] && Implies[48,  !38] &&  !82
l {1, 6, 7, 26, 34, 35, 36, 38, 43, 45, 50, 51, 54, 55, 70, 79,  !2,  !3,  !5,  !20,  !22,  !44,  !46,  !49,  !53,  !71,  !82}
l {28, 32,  !37,  !48,  !83}
l { !33,  !42}
l { !30}
l {}
TAU nach Vereinfachung (CHEVBK) : Implies[40,  !24] && Implies[40,  !18] && Implies[15, 24]
PosFileInBR /home/kit/itz/qb3892/GDC/POS/gdc_pos_S1.txt
 posTot {4, 9, 17, 19, 25, 29, 31, 39, 41, 47, 58, 59, 60, 61, 66, 67, 68, 69, 72, 74, 75, 76, 77, 81, 84, 86, 102,  !57,  !65,  !73}
posNeu {4, 9, 17, 19, 25, 29, 31, 39, 41, 47, 58, 59, 60, 61, 66, 67, 68, 69, 72, 74, 75, 76, 77, 81, 84, 86, 102,  !57,  !65,  !73}
TAU vor Vereinfachung Implies[22, 23] && Implies[23, 22] && Implies[40,  !24] && Implies[20, 21] && Implies[21, 20] && Implies[40,  !18] && Implies[26, 27] && Implies[27, 26] && Implies[42,  !28] && Implies[44 && 79, 14] && Implies[44 && 14, 79] &&  !(51 &&  !11) && Implies[44 && 10,  !11] && Implies[44 &&  !11, 10] && Implies[23 && 15, 85] && Implies[23 && 85, 15] && Implies[21 && 12, 85] && Implies[21 && 85, 12] && Implies[27, 35] && Implies[27 && 83, 82] && 43 && 45 && 45 && Implies[27 && 45, 52] && Implies[27 && 52, 45] && Implies[23 && 16, 46] && Implies[23 && 46, 16] && 1 && 1 && Implies[27 && 1, 8] && Implies[27 && 8, 1] && 70 && Implies[27 && 70, 56] && Implies[27 && 56, 70] && Implies[80, 36] &&  !(36 && 46) && Implies[36 && 70, 45] && 50 && 54 && Implies[36 && 54, 50] && 51 && 55 && Implies[36 && 55, 51] && 1 && 6 && Implies[50, 6] && 7 && Implies[51, 7] && Implies[48, 37] && Implies[37, 70] && Implies[37, 70] && Implies[37 && 6, 54] && Implies[37 && 7, 55] && Implies[37, 70] && Implies[45 && 1 && 70, 103] && Implies[103 && 36, 32] && Implies[36 && 55, 32] && Implies[30, 33] && Implies[103 && 37, 33] && Implies[37, 30] && Implies[78, 11] && Implies[44, 21] && Implies[40, 11] && Implies[16, 24] && Implies[15, 24] && Implies[22, 24] && Implies[12, 18] && Implies[14, 18] && Implies[20, 18] && Implies[42, 43] && Implies[35, 28] && Implies[34, 28] && Implies[26, 28] && Implies[52, 34] && Implies[8, 34] && Implies[56, 34] && Implies[12, 13] && 79 && Implies[83, 34] &&  !49 &&  !46 &&  !46 &&  !5 &&  !3 &&  !3 &&  !71 &&  !71 && Implies[80, 38] && Implies[36, 80] && Implies[37, 48] &&  !2 &&  !2 &&  !53 && Implies[32, 103] && Implies[32, 36] && Implies[33, 103] && Implies[33, 37] && Implies[33, 30] && Implies[14,  !12] && Implies[20, 18] && Implies[22, 24] && Implies[26, 28] && Implies[37,  !36] && Implies[48,  !38] &&  !82
l {1, 6, 7, 43, 45, 50, 51, 54, 55, 70, 79,  !2,  !3,  !5,  !46,  !49,  !53,  !71,  !82}
l {11, 103}
l {}
TAU nach Vereinfachung (CH) : Implies[22, 23] && Implies[23, 22] && Implies[40,  !24] && Implies[20, 21] && Implies[21, 20] && Implies[40,  !18] && Implies[26, 27] && Implies[27, 26] && Implies[42,  !28] && Implies[44, 14] &&  !(44 && 10) && Implies[23 && 15, 85] && Implies[23 && 85, 15] && Implies[21 && 12, 85] && Implies[21 && 85, 12] && Implies[27, 35] &&  !(27 && 83) && Implies[27, 52] &&  !(23 && 16) && Implies[27, 8] && Implies[27, 56] && Implies[80, 36] && Implies[48, 37] && Implies[36, 32] && Implies[36, 32] && Implies[30, 33] && Implies[37, 33] && Implies[37, 30] && Implies[44, 21] && Implies[16, 24] && Implies[15, 24] && Implies[22, 24] && Implies[12, 18] && Implies[14, 18] && Implies[20, 18] && Implies[35, 28] && Implies[34, 28] && Implies[26, 28] && Implies[52, 34] && Implies[8, 34] && Implies[56, 34] && Implies[12, 13] && Implies[83, 34] && Implies[80, 38] && Implies[36, 80] && Implies[37, 48] && Implies[32, 36] && Implies[33, 37] && Implies[33, 30] && Implies[14,  !12] && Implies[20, 18] && Implies[22, 24] && Implies[26, 28] && Implies[37,  !36] && Implies[48,  !38]
sigmaH 36704
sigma 118148784
 dojH {0.00031065914313599705, 36704, 118148784}
 z {1., 1., 0.00031065914313599705}
 dojEK {5.924733004446326*^-8, 7, 118148784}
 f {1, 1., 5.924733004446326*^-8, 0.00031065914313599705}
PosFileInBR /home/kit/itz/qb3892/GDC/POS/gdc_pos_S1.txt
 posTot {4, 8, 9, 11, 17, 19, 25, 27, 29, 31, 39, 41, 47, 52, 56, 72, 80, 81, 84, 85, 86, 102, 103,  !12,  !14,  !16,  !21,  !23}
posNeu {4, 8, 9, 11, 17, 19, 25, 27, 29, 31, 39, 41, 47, 52, 56, 72, 80, 81, 84, 85, 86, 102, 103,  !12,  !14,  !16,  !21,  !23}
TAU vor Vereinfachung  !22 && Implies[40,  !24] &&  !20 && Implies[40,  !18] && 26 && Implies[42,  !28] &&  !(44 && 79) &&  !(44 && 10) && 35 && Implies[83, 82] && 43 && Implies[66 && 67 && 68 && 69,  !65] && Implies[68 && 69 && 65, 49] && Implies[ !66 && 67, 46] && Implies[ !68 && 67, 66] && Implies[ !67 && 68, 49] && Implies[ !69 && 68, 51] && Implies[ !68 && 69, 65] && Implies[ !65 && 69, 45] && Implies[ !66 &&  !68, 75] && Implies[ !67 &&  !69, 76] && Implies[ !68 &&  !65, 77] && Implies[66 && 67 && 68 && 69 &&  !65, 45] && 45 && Implies[ !66 && 67 && 68 && 69 && 65, 46] && Implies[58 && 59 && 60 && 61,  !57] && Implies[60 && 61 && 57, 5] && Implies[ !58 && 59, 5] && Implies[ !60 && 59, 58] && Implies[ !59 && 60, 5] && Implies[ !61 && 60, 7] && Implies[ !60 && 61, 57] && Implies[ !57 && 61, 1] && Implies[ !58 &&  !60, 75] && Implies[ !59 &&  !61, 76] && Implies[ !60 &&  !57, 77] && Implies[58 && 59 && 60 && 61 &&  !57, 1] && 1 && Implies[58 &&  !59 && 60 && 61 && 57, 3] && Implies[74 && 75 && 76 && 77,  !73] && Implies[74 && 75 && 76 && 77 &&  !73, 70] && 70 && Implies[74 && 75 &&  !76 && 77 && 73, 71] && 36 && Implies[36 && 46,  !74] && Implies[36 && 70, 45] && Implies[36 && 74, 66] && Implies[66 && 67, 50] && Implies[74 && 75, 54] && Implies[36 && 54, 50] && Implies[66 && 67 && 68, 51] && Implies[74 && 75 && 76, 55] && Implies[36 && 55, 51] && Implies[ !58, 46] && Implies[ !65, 1] && Implies[66, 58] && Implies[ !67, 58] && Implies[58 && 59, 6] && Implies[50, 6] && Implies[ !68, 6] && Implies[58 && 59 && 60, 7] && Implies[51, 7] && Implies[ !69, 7] && Implies[48, 37] && Implies[37 &&  !65, 70] && Implies[ !66 && 74, 48] && Implies[ !58 && 59 && 60 && 61 && 57, 2] && Implies[37 &&  !74, 2] && Implies[37 &&  !57, 70] && Implies[37 && 58, 74] && Implies[37 &&  !59, 74] && Implies[37 && 6, 54] && Implies[37 &&  !60, 54] && Implies[37 && 7, 55] && Implies[37 &&  !61, 55] && Implies[76 && 77 && 73, 53] && Implies[37 &&  !74 && 75, 53] && Implies[37 &&  !76 && 75, 74] && Implies[37 &&  !75 && 76, 53] && Implies[37 &&  !77 && 76, 55] && Implies[37 &&  !73 && 77, 70] && Implies[37 &&  !76 && 77, 73] && Implies[36, 32] && Implies[36 && 55, 32] && Implies[ !66 && 67 && 58,  !59] && Implies[ !66 && 67 && 59,  !58] && Implies[ !67 && 68 && 59,  !60] && Implies[ !67 && 68 && 60,  !59] && Implies[ !68 && 69 && 60,  !61] && Implies[ !68 && 69 && 61,  !60] && Implies[ !69 && 65 && 61,  !57] && Implies[ !69 && 65 && 57,  !61] && Implies[ !66 &&  !60, 75] && Implies[ !67 &&  !61, 76] && Implies[ !68 &&  !57, 77] && Implies[30, 33] && Implies[37, 33] && Implies[33 &&  !58 && 59 && 74,  !75] && Implies[33 &&  !58 && 59 && 75,  !74] && Implies[33 &&  !59 && 60 && 75,  !76] && Implies[33 &&  !59 && 60 && 76,  !75] && Implies[33 &&  !60 && 61 && 76,  !77] && Implies[33 &&  !60 && 61 && 77,  !76] && Implies[33 &&  !61 && 57 && 77,  !73] && Implies[33 &&  !61 && 57 && 73,  !77] && Implies[37 &&  !75, 30] && Implies[37 &&  !60 &&  !76, 30] && Implies[37 &&  !59 &&  !76, 30] && Implies[37 &&  !61 &&  !77, 30] && Implies[37 &&  !60 &&  !77, 30] && Implies[37 &&  !57, 30] &&  !44 && Implies[15, 24] && Implies[22, 24] && Implies[20, 18] && Implies[42, 43] && Implies[35, 28] && Implies[34, 28] && Implies[26, 28] && 34 && 34 && 34 && 79 && Implies[83, 34] && Implies[49, 69] && Implies[49, 65] && Implies[49, 68] && Implies[45, 66] && Implies[45, 67] && Implies[45, 68] && Implies[45, 69] && Implies[45,  !65] && Implies[46,  !66] && Implies[46, 67] && Implies[46, 68] && Implies[46, 69] && Implies[46, 65] && Implies[5, 60] && Implies[5, 61] && Implies[5, 57] && Implies[1, 58] && Implies[1, 59] && Implies[1, 60] && Implies[1, 61] && Implies[1,  !57] && Implies[3, 58] && Implies[3,  !59] && Implies[3, 60] && Implies[3, 61] && Implies[3, 57] && Implies[70, 74] && Implies[70, 75] && Implies[70, 76] && Implies[70, 77] && Implies[70,  !73] && Implies[71, 74] && Implies[71, 75] && Implies[71,  !76] && Implies[71, 77] && Implies[71, 73] && 38 && Implies[50, 66] && Implies[50, 67] && Implies[54, 74] && Implies[54, 75] && Implies[51, 66] && Implies[51, 67] && Implies[51, 68] && Implies[55, 74] && Implies[55, 75] && Implies[55, 76] && Implies[6, 58] && Implies[6, 59] && Implies[7, 58] && Implies[7, 59] && Implies[7, 60] && Implies[37, 48] && Implies[2,  !58] && Implies[2, 59] && Implies[2, 60] && Implies[2, 61] && Implies[2, 57] && Implies[53, 76] && Implies[53, 77] && Implies[53, 73] && Implies[32, 36] && Implies[33, 37] && Implies[33, 30] && Implies[20, 18] && Implies[22, 24] && Implies[26, 28] && Implies[37,  !36] && Implies[48,  !38] &&  !82
l {1, 26, 34, 35, 36, 38, 43, 45, 70, 79,  !20,  !22,  !44,  !82}
l {28, 32, 58, 59, 60, 61, 66, 67, 68, 69, 74, 75, 76, 77,  !37,  !48,  !57,  !65,  !73,  !83}
l {6, 7, 50, 51, 54, 55,  !2,  !3,  !5,  !33,  !42,  !46,  !49,  !53,  !71}
l { !30}
l {}
tau Implies[40,  !24] && Implies[40,  !18] && Implies[15, 24]
Anzahl Instanzen 7
Erste Instanz : {15, 18, 24,  !40}
Boolean Variables : {15, 18, 24, 40}
PosFileInBR /home/kit/itz/qb3892/GDC/POS/gdc_pos_S1.txt
 posTot {4, 8, 9, 11, 17, 19, 25, 27, 29, 31, 39, 41, 47, 52, 56, 58, 59, 60, 61, 66, 67, 68, 69, 72, 74, 75, 76, 77, 80, 81, 84, 85, 86, 102, 103,  !12,  !14,  !16,  !21,  !23,  !57,  !65,  !73}
posNeu {4, 8, 9, 11, 17, 19, 25, 27, 29, 31, 39, 41, 47, 52, 56, 58, 59, 60, 61, 66, 67, 68, 69, 72, 74, 75, 76, 77, 80, 81, 84, 85, 86, 102, 103,  !12,  !14,  !16,  !21,  !23,  !57,  !65,  !73}
TAU vor Vereinfachung  !22 && Implies[40,  !24] &&  !20 && Implies[40,  !18] && 26 && Implies[42,  !28] &&  !(44 && 79) &&  !(44 && 10) && 35 && Implies[83, 82] && 43 && 45 && 45 && 45 && 1 && 1 && 1 && 70 && 70 && 36 &&  !(36 && 46) && Implies[36 && 70, 45] && 50 && 54 && Implies[36 && 54, 50] && 51 && 55 && Implies[36 && 55, 51] && 1 && 6 && Implies[50, 6] && 7 && Implies[51, 7] && Implies[48, 37] && Implies[37, 70] && Implies[37, 70] && Implies[37 && 6, 54] && Implies[37 && 7, 55] && Implies[37, 70] && Implies[36, 32] && Implies[36 && 55, 32] && Implies[30, 33] && Implies[37, 33] && Implies[37, 30] &&  !44 && Implies[15, 24] && Implies[22, 24] && Implies[20, 18] && Implies[42, 43] && Implies[35, 28] && Implies[34, 28] && Implies[26, 28] && 34 && 34 && 34 && 79 && Implies[83, 34] &&  !49 &&  !46 &&  !46 &&  !5 &&  !3 &&  !3 &&  !71 &&  !71 && 38 && Implies[37, 48] &&  !2 &&  !2 &&  !53 && Implies[32, 36] && Implies[33, 37] && Implies[33, 30] && Implies[20, 18] && Implies[22, 24] && Implies[26, 28] && Implies[37,  !36] && Implies[48,  !38] &&  !82
l {1, 6, 7, 26, 34, 35, 36, 38, 43, 45, 50, 51, 54, 55, 70, 79,  !2,  !3,  !5,  !20,  !22,  !44,  !46,  !49,  !53,  !71,  !82}
l {28, 32,  !37,  !48,  !83}
l { !33,  !42}
l { !30}
l {}
tau Implies[40,  !24] && Implies[40,  !18] && Implies[15, 24]
Anzahl Instanzen 7
Erste Instanz : {15, 18, 24,  !40}
Boolean Variables : {15, 18, 24, 40}
