Mathematica File /home/cguenth/GDC/GDC_CONF.m
REV AR
PERS DLB
CONF ALL
Eingabe - Datei - TAU 2 /home/cguenth/GDC/TAU2/GDC_Tau_Simplified_S0.txt
Eingabe - Datei - POS /home/cguenth/GDC/POS/gdc_pos_S0.txt
Eingabe - Datei - SIG /home/cguenth/GDC/SIG2/GDC_Sigma_2_S0.txt
Ausgabe - Ordner /home/cguenth/GDC/GDC_Conf_AR_DLB_ALL_Out
Ausgabe - Datei GDC_CONF_AR_DLB_ALL_S0.txt
Package path /home/cguenth/GDC/DialecticalStructures/Argdown.m
Package path /home/cguenth/GDC/DialecticalStructures/GDCAnalysis3.m
Package path /home/cguenth/GDC/DialecticalStructures/GDCTools.m
Länge PersMod 3
Positions - Indexe {17, 17, 17}
ch { !51,  !52,  !53,  !54, 50,  !46,  !47,  !48,  !49, 45,  !56,  !57,  !58,  !59, 55}
bk {8, 14, 9}
ev {62, 44, 61, 6, 22, 25}
 posTot {3, 6, 7, 8, 9, 10, 11, 14, 16, 19, 22, 25, 38, 44, 60, 61, 62}
posNeu {3, 6, 7, 8, 9, 10, 11, 14, 16, 19, 22, 25, 38, 44, 60, 61, 62}
TAU vor Vereinfachung Implies[32 && 33 && 34 && 35,  !31] && Implies[ !32 && 33, 34] && Implies[ !34 && 33, 32] && Implies[ !33 && 34, 35] && Implies[ !35 && 34, 33] && Implies[ !34 && 35, 31] && Implies[ !31 && 35, 34] && Implies[32 && 33 && 34 && 35 &&  !31, 17] && 17 && Implies[ !32 && 33 && 34 && 35 && 31, 18] && Implies[27 && 28 && 29 && 30,  !26] && Implies[ !27 && 28, 29] && Implies[ !29 && 28, 27] && Implies[ !28 && 29, 30] && Implies[ !30 && 29, 28] && Implies[ !29 && 30, 26] && Implies[ !26 && 30, 29] && Implies[27 && 28 && 29 && 30 &&  !26, 1] && 1 && Implies[27 &&  !28 && 29 && 30 && 26, 2] && Implies[40 && 41 && 42 && 43,  !39] && Implies[40 && 41 && 42 && 43 &&  !39, 36] && 36 && Implies[40 && 41 &&  !42 && 43 && 39, 37] && 13 && Implies[13 && 18,  !40] && Implies[13 && 36, 17] && Implies[13 && 40, 32] && Implies[32 && 33, 20] && Implies[40 && 41, 23] && Implies[13 && 23, 20] && Implies[32 && 33 && 34, 21] && Implies[40 && 41 && 42, 24] && Implies[13 && 24, 21] && Implies[ !27, 18] && Implies[ !31, 1] && Implies[32, 27] && Implies[ !33, 27] && Implies[27 && 28, 4] && Implies[20, 4] && Implies[ !34, 4] && Implies[27 && 28 && 29, 5] && Implies[21, 5] && Implies[ !35, 5] && Implies[13, 12] && Implies[13 && 24, 12] && Implies[ !32 && 33 && 27,  !28] && Implies[ !32 && 33 && 28,  !27] && Implies[ !33 && 34 && 28,  !29] && Implies[ !33 && 34 && 29,  !28] && Implies[ !34 && 35 && 29,  !30] && Implies[ !34 && 35 && 30,  !29] && Implies[ !35 && 31 && 30,  !26] && Implies[ !35 && 31 && 26,  !30] && Implies[17, 32] && Implies[17, 33] && Implies[17, 34] && Implies[17, 35] && Implies[17,  !31] && Implies[18,  !32] && Implies[18, 33] && Implies[18, 34] && Implies[18, 35] && Implies[18, 31] && Implies[1, 27] && Implies[1, 28] && Implies[1, 29] && Implies[1, 30] && Implies[1,  !26] && Implies[2, 27] && Implies[2,  !28] && Implies[2, 29] && Implies[2, 30] && Implies[2, 26] && Implies[36, 40] && Implies[36, 41] && Implies[36, 42] && Implies[36, 43] && Implies[36,  !39] && Implies[37, 40] && Implies[37, 41] && Implies[37,  !42] && Implies[37, 43] && Implies[37, 39] && 15 && Implies[20, 32] && Implies[20, 33] && Implies[23, 40] && Implies[23, 41] && Implies[21, 32] && Implies[21, 33] && Implies[21, 34] && Implies[24, 40] && Implies[24, 41] && Implies[24, 42] && Implies[4, 27] && Implies[4, 28] && Implies[5, 27] && Implies[5, 28] && Implies[5, 29] && Implies[12, 13]
l {1, 13, 15, 17, 36}
l {12, 27, 28, 29, 30, 32, 33, 34, 35, 40, 41, 42, 43,  !26,  !31,  !39}
l {4, 5, 20, 21, 23, 24,  !2,  !18,  !37}
TAU nach Vereinfachung (EVBK) : True
ch { !51,  !52,  !53,  !54, 50,  !46,  !47,  !48,  !49, 45,  !56,  !57,  !58,  !59, 55}
bk {8, 14, 9}
ev {62, 44, 61, 6, 22, 25}
 posTot {3, 6, 7, 8, 9, 10, 11, 14, 16, 19, 22, 25, 38, 44, 45, 50, 55, 60, 61, 62,  !46,  !47,  !48,  !49,  !51,  !52,  !53,  !54,  !56,  !57,  !58,  !59}
posNeu {3, 6, 7, 8, 9, 10, 11, 14, 16, 19, 22, 25, 38, 44,  !26,  !31,  !39, 60, 61, 62, 27, 28, 29, 30, 32, 33, 34, 35, 40, 41, 42, 43}
TAU vor Vereinfachung 17 && 17 && 1 && 1 && 36 && 36 && 13 &&  !(13 && 18) && Implies[13 && 36, 17] && 20 && 23 && Implies[13 && 23, 20] && 21 && 24 && Implies[13 && 24, 21] && 1 && 4 && Implies[20, 4] && 5 && Implies[21, 5] && Implies[13, 12] && Implies[13 && 24, 12] &&  !18 &&  !18 &&  !2 &&  !2 &&  !37 &&  !37 && 15 && Implies[12, 13]
l {1, 4, 5, 13, 15, 17, 20, 21, 23, 24, 36,  !2,  !18,  !37}
l {12}
TAU nach Vereinfachung (CHEVBK) : True
ch { !51,  !52,  !53,  !54, 50,  !46,  !47,  !48,  !49, 45,  !56,  !57,  !58,  !59, 55}
bk {8, 14, 9}
ev {62, 44, 61, 6, 22, 25}
 posTot {3, 7, 10, 11, 16, 19, 38, 45, 50, 55, 60,  !46,  !47,  !48,  !49,  !51,  !52,  !53,  !54,  !56,  !57,  !58,  !59}
posNeu {3, 7, 10, 11, 16, 19, 38,  !26,  !31,  !39, 60, 27, 28, 29, 30, 32, 33, 34, 35, 40, 41, 42, 43}
TAU vor Vereinfachung  !(21 &&  !8) && 17 && Implies[9 && 17, 22] && Implies[9 && 22, 17] && 1 && Implies[9 && 1, 6] && Implies[9 && 6, 1] && 36 && Implies[9 && 36, 25] && Implies[9 && 25, 36] && Implies[44 && 14, 61] && Implies[44, 13] &&  !(13 && 18) && Implies[13 && 36, 17] && 20 && 23 && Implies[13 && 23, 20] && 21 && 24 && Implies[13 && 24, 21] && 1 && 4 && Implies[20, 4] && 5 && Implies[21, 5] && Implies[17 && 1 && 36, 62] && Implies[62 && 13, 12] && Implies[13 && 24, 12] &&  !18 &&  !18 &&  !2 &&  !2 &&  !37 &&  !37 && Implies[44, 15] && Implies[13, 44] && Implies[12, 62] && Implies[12, 13]
l {1, 4, 5, 17, 20, 21, 23, 24, 36,  !2,  !18,  !37}
l {8, 62}
l {}
TAU nach Vereinfachung (CH) : Implies[9, 22] && Implies[9, 6] && Implies[9, 25] && Implies[44 && 14, 61] && Implies[44, 13] && Implies[13, 12] && Implies[13, 12] && Implies[44, 15] && Implies[13, 44] && Implies[12, 13]
sigmaH 99
sigma 663183
 dojH {0.00014928006296904475, 99, 663183}
 z {1., 1., 0.00014928006296904475}
 dojEK {1.5078794239297449*^-6, 1, 663183}
 f {1, 1., 1.5078794239297449*^-6, 0.00014928006296904475}
ch { !51,  !52,  !53,  !54, 50,  !46,  !47,  !48,  !49, 45,  !56,  !57,  !58,  !59, 55}
bk {8, 14, 9}
ev {62, 44, 61, 6, 22, 25}
 posTot {3, 6, 7, 8, 9, 10, 11, 14, 16, 19, 22, 25, 38, 44, 60, 61, 62}
posNeu {3, 6, 7, 8, 9, 10, 11, 14, 16, 19, 22, 25, 38, 44, 60, 61, 62}
TAU vor Vereinfachung Implies[32 && 33 && 34 && 35,  !31] && Implies[ !32 && 33, 34] && Implies[ !34 && 33, 32] && Implies[ !33 && 34, 35] && Implies[ !35 && 34, 33] && Implies[ !34 && 35, 31] && Implies[ !31 && 35, 34] && Implies[32 && 33 && 34 && 35 &&  !31, 17] && 17 && Implies[ !32 && 33 && 34 && 35 && 31, 18] && Implies[27 && 28 && 29 && 30,  !26] && Implies[ !27 && 28, 29] && Implies[ !29 && 28, 27] && Implies[ !28 && 29, 30] && Implies[ !30 && 29, 28] && Implies[ !29 && 30, 26] && Implies[ !26 && 30, 29] && Implies[27 && 28 && 29 && 30 &&  !26, 1] && 1 && Implies[27 &&  !28 && 29 && 30 && 26, 2] && Implies[40 && 41 && 42 && 43,  !39] && Implies[40 && 41 && 42 && 43 &&  !39, 36] && 36 && Implies[40 && 41 &&  !42 && 43 && 39, 37] && 13 && Implies[13 && 18,  !40] && Implies[13 && 36, 17] && Implies[13 && 40, 32] && Implies[32 && 33, 20] && Implies[40 && 41, 23] && Implies[13 && 23, 20] && Implies[32 && 33 && 34, 21] && Implies[40 && 41 && 42, 24] && Implies[13 && 24, 21] && Implies[ !27, 18] && Implies[ !31, 1] && Implies[32, 27] && Implies[ !33, 27] && Implies[27 && 28, 4] && Implies[20, 4] && Implies[ !34, 4] && Implies[27 && 28 && 29, 5] && Implies[21, 5] && Implies[ !35, 5] && Implies[13, 12] && Implies[13 && 24, 12] && Implies[ !32 && 33 && 27,  !28] && Implies[ !32 && 33 && 28,  !27] && Implies[ !33 && 34 && 28,  !29] && Implies[ !33 && 34 && 29,  !28] && Implies[ !34 && 35 && 29,  !30] && Implies[ !34 && 35 && 30,  !29] && Implies[ !35 && 31 && 30,  !26] && Implies[ !35 && 31 && 26,  !30] && Implies[17, 32] && Implies[17, 33] && Implies[17, 34] && Implies[17, 35] && Implies[17,  !31] && Implies[18,  !32] && Implies[18, 33] && Implies[18, 34] && Implies[18, 35] && Implies[18, 31] && Implies[1, 27] && Implies[1, 28] && Implies[1, 29] && Implies[1, 30] && Implies[1,  !26] && Implies[2, 27] && Implies[2,  !28] && Implies[2, 29] && Implies[2, 30] && Implies[2, 26] && Implies[36, 40] && Implies[36, 41] && Implies[36, 42] && Implies[36, 43] && Implies[36,  !39] && Implies[37, 40] && Implies[37, 41] && Implies[37,  !42] && Implies[37, 43] && Implies[37, 39] && 15 && Implies[20, 32] && Implies[20, 33] && Implies[23, 40] && Implies[23, 41] && Implies[21, 32] && Implies[21, 33] && Implies[21, 34] && Implies[24, 40] && Implies[24, 41] && Implies[24, 42] && Implies[4, 27] && Implies[4, 28] && Implies[5, 27] && Implies[5, 28] && Implies[5, 29] && Implies[12, 13]
l {1, 13, 15, 17, 36}
l {12, 27, 28, 29, 30, 32, 33, 34, 35, 40, 41, 42, 43,  !26,  !31,  !39}
l {4, 5, 20, 21, 23, 24,  !2,  !18,  !37}
tau True
Anzahl Instanzen 1
Es gibt nur eine Instanz, da TAU True
ch { !51,  !52,  !53,  !54, 50,  !46,  !47,  !48,  !49, 45,  !56,  !57,  !58,  !59, 55}
bk {8, 14, 9}
ev {62, 44, 61, 6, 22, 25}
 posTot {3, 6, 7, 8, 9, 10, 11, 14, 16, 19, 22, 25, 38, 44, 45, 50, 55, 60, 61, 62,  !46,  !47,  !48,  !49,  !51,  !52,  !53,  !54,  !56,  !57,  !58,  !59}
posNeu {3, 6, 7, 8, 9, 10, 11, 14, 16, 19, 22, 25, 38, 44,  !26,  !31,  !39, 60, 61, 62, 27, 28, 29, 30, 32, 33, 34, 35, 40, 41, 42, 43}
TAU vor Vereinfachung 17 && 17 && 1 && 1 && 36 && 36 && 13 &&  !(13 && 18) && Implies[13 && 36, 17] && 20 && 23 && Implies[13 && 23, 20] && 21 && 24 && Implies[13 && 24, 21] && 1 && 4 && Implies[20, 4] && 5 && Implies[21, 5] && Implies[13, 12] && Implies[13 && 24, 12] &&  !18 &&  !18 &&  !2 &&  !2 &&  !37 &&  !37 && 15 && Implies[12, 13]
l {1, 4, 5, 13, 15, 17, 20, 21, 23, 24, 36,  !2,  !18,  !37}
l {12}
tau True
Anzahl Instanzen 1
Es gibt nur eine Instanz, da TAU True
