Mathematica File /home/cguenth/GDC/GDC_CONF.m
REV AR
PERS DLB
CONF ALL
Eingabe - Datei - TAU 2 /home/cguenth/GDC/TAU2/GDC_Tau_Simplified_S1.txt
Eingabe - Datei - POS /home/cguenth/GDC/POS/gdc_pos_S1.txt
Eingabe - Datei - SIG /home/cguenth/GDC/SIG2/GDC_Sigma_2_S1.txt
Ausgabe - Ordner /home/cguenth/GDC/GDC_Conf_AR_DLB_ALL_Out
Ausgabe - Datei GDC_CONF_AR_DLB_ALL_S1.txt
Package path /home/cguenth/GDC/DialecticalStructures/Argdown.m
Package path /home/cguenth/GDC/DialecticalStructures/GDCAnalysis3.m
Package path /home/cguenth/GDC/DialecticalStructures/GDCTools.m
Länge PersMod 3
Positions - Indexe {17, 17, 17}
ch { !68,  !69,  !70,  !71, 67,  !63,  !64,  !65,  !66, 62,  !73,  !74,  !75,  !76, 72}
bk {9, 26, 17,  !16,  !14, 15, 23}
ev {61, 79, 59, 78, 6, 36, 39}
 posTot {3, 6, 7, 9, 15, 17, 18, 20, 23, 26, 28, 32, 36, 39, 52, 59, 61, 77, 78, 79,  !14,  !16}
posNeu {3, 6, 7, 9, 15, 17, 18, 20, 23, 26, 28, 32, 36, 39, 52, 59, 61, 77, 78, 79,  !14,  !16}
TAU vor Vereinfachung Implies[29 && 58, 12] && Implies[29 && 12, 58] &&  !(29 && 8) && Implies[10, 60] && Implies[60, 10] && Implies[46 && 47 && 48 && 49,  !45] && Implies[ !46 && 47, 48] && Implies[ !48 && 47, 46] && Implies[ !47 && 48, 49] && Implies[ !49 && 48, 47] && Implies[ !48 && 49, 45] && Implies[ !45 && 49, 48] && Implies[46 && 47 && 48 && 49 &&  !45, 30] && 30 && Implies[ !46 && 47 && 48 && 49 && 45, 31] && Implies[41 && 42 && 43 && 44,  !40] && Implies[ !41 && 42, 43] && Implies[ !43 && 42, 41] && Implies[ !42 && 43, 44] && Implies[ !44 && 43, 42] && Implies[ !43 && 44, 40] && Implies[ !40 && 44, 43] && Implies[41 && 42 && 43 && 44 &&  !40, 1] && 1 && Implies[41 &&  !42 && 43 && 44 && 40, 2] && Implies[54 && 55 && 56 && 57,  !53] && Implies[54 && 55 && 56 && 57 &&  !53, 50] && 50 && Implies[54 && 55 &&  !56 && 57 && 53, 51] && 24 && Implies[24 && 31,  !54] && Implies[24 && 50, 30] && Implies[24 && 54, 46] && Implies[46 && 47, 34] && Implies[54 && 55, 37] && Implies[24 && 37, 34] && Implies[46 && 47 && 48, 35] && Implies[54 && 55 && 56, 38] && Implies[24 && 38, 35] && Implies[ !41, 31] && Implies[ !45, 1] && Implies[46, 41] && Implies[ !47, 41] && Implies[41 && 42, 4] && Implies[34, 4] && Implies[ !48, 4] && Implies[41 && 42 && 43, 5] && Implies[35, 5] && Implies[ !49, 5] && Implies[33, 25] && Implies[25 &&  !45, 50] && Implies[25 &&  !54,  !41] && Implies[25 &&  !40, 50] && Implies[25 && 41, 54] && Implies[25 &&  !42, 54] && Implies[25 && 4, 37] && Implies[25 &&  !43, 37] && Implies[25 && 5, 38] && Implies[25 &&  !44, 38] && Implies[25 &&  !54 && 55, 56] && Implies[25 &&  !56 && 55, 54] && Implies[25 &&  !55 && 56, 57] && Implies[25 &&  !57 && 56, 55] && Implies[25 &&  !53 && 57, 56] && Implies[25 &&  !56 && 57, 53] && Implies[24, 21] && Implies[24 && 38, 21] && Implies[ !46 && 47 && 41,  !42] && Implies[ !46 && 47 && 42,  !41] && Implies[ !47 && 48 && 42,  !43] && Implies[ !47 && 48 && 43,  !42] && Implies[ !48 && 49 && 43,  !44] && Implies[ !48 && 49 && 44,  !43] && Implies[ !49 && 45 && 44,  !40] && Implies[ !49 && 45 && 40,  !44] && Implies[19, 22] && Implies[25, 22] && Implies[22 &&  !41 && 42 && 54,  !55] && Implies[22 &&  !41 && 42 && 55,  !54] && Implies[22 &&  !42 && 43 && 55,  !56] && Implies[22 &&  !42 && 43 && 56,  !55] && Implies[22 &&  !43 && 44 && 56,  !57] && Implies[22 &&  !43 && 44 && 57,  !56] && Implies[22 &&  !44 && 40 && 57,  !53] && Implies[22 &&  !44 && 40 && 53,  !57] && Implies[25 &&  !55, 19] && Implies[25 &&  !43 &&  !56, 19] && Implies[25 &&  !42 &&  !56, 19] && Implies[25 &&  !44 &&  !57, 19] && Implies[25 &&  !43 &&  !57, 19] && Implies[25 &&  !40, 19] && Implies[10, 11] && 58 && Implies[30, 46] && Implies[30, 47] && Implies[30, 48] && Implies[30, 49] && Implies[30,  !45] && Implies[31,  !46] && Implies[31, 47] && Implies[31, 48] && Implies[31, 49] && Implies[31, 45] && Implies[1, 41] && Implies[1, 42] && Implies[1, 43] && Implies[1, 44] && Implies[1,  !40] && Implies[2, 41] && Implies[2,  !42] && Implies[2, 43] && Implies[2, 44] && Implies[2, 40] && Implies[50, 54] && Implies[50, 55] && Implies[50, 56] && Implies[50, 57] && Implies[50,  !53] && Implies[51, 54] && Implies[51, 55] && Implies[51,  !56] && Implies[51, 57] && Implies[51, 53] && 27 && Implies[34, 46] && Implies[34, 47] && Implies[37, 54] && Implies[37, 55] && Implies[35, 46] && Implies[35, 47] && Implies[35, 48] && Implies[38, 54] && Implies[38, 55] && Implies[38, 56] && Implies[4, 41] && Implies[4, 42] && Implies[5, 41] && Implies[5, 42] && Implies[5, 43] && Implies[25, 33] && Implies[21, 24] && Implies[22, 25] && Implies[22, 19] && Implies[12,  !10] && Implies[25,  !24] && Implies[33,  !27]
l {1, 24, 27, 30, 50, 58}
l {21, 41, 42, 43, 44, 46, 47, 48, 49, 54, 55, 56, 57,  !25,  !33,  !40,  !45,  !53}
l {4, 5, 34, 35, 37, 38,  !2,  !22,  !31,  !51}
l { !19}
l {}
TAU nach Vereinfachung (EVBK) : Implies[29, 12] &&  !(29 && 8) && Implies[10, 60] && Implies[60, 10] && Implies[10, 11] && Implies[12,  !10]
ch { !68,  !69,  !70,  !71, 67,  !63,  !64,  !65,  !66, 62,  !73,  !74,  !75,  !76, 72}
bk {9, 26, 17,  !16,  !14, 15, 23}
ev {61, 79, 59, 78, 6, 36, 39}
 posTot {3, 6, 7, 9, 15, 17, 18, 20, 23, 26, 28, 32, 36, 39, 52, 59, 61, 62, 67, 72, 77, 78, 79,  !14,  !16,  !63,  !64,  !65,  !66,  !68,  !69,  !70,  !71,  !73,  !74,  !75,  !76}
posNeu {3, 6, 7, 9, 15, 17, 18, 20, 23, 26, 28, 32, 36, 39, 52, 59, 61,  !40,  !45,  !53, 77, 78, 79,  !14,  !16, 41, 42, 43, 44, 46, 47, 48, 49, 54, 55, 56, 57}
TAU vor Vereinfachung Implies[29 && 58, 12] && Implies[29 && 12, 58] &&  !(29 && 8) && Implies[10, 60] && Implies[60, 10] && 30 && 30 && 1 && 1 && 50 && 50 && 24 &&  !(24 && 31) && Implies[24 && 50, 30] && 34 && 37 && Implies[24 && 37, 34] && 35 && 38 && Implies[24 && 38, 35] && 1 && 4 && Implies[34, 4] && 5 && Implies[35, 5] && Implies[33, 25] && Implies[25, 50] && Implies[25, 50] && Implies[25 && 4, 37] && Implies[25 && 5, 38] && Implies[24, 21] && Implies[24 && 38, 21] && Implies[19, 22] && Implies[25, 22] && Implies[25, 19] && Implies[10, 11] && 58 &&  !31 &&  !31 &&  !2 &&  !2 &&  !51 &&  !51 && 27 && Implies[25, 33] && Implies[21, 24] && Implies[22, 25] && Implies[22, 19] && Implies[12,  !10] && Implies[25,  !24] && Implies[33,  !27]
l {1, 4, 5, 24, 27, 30, 34, 35, 37, 38, 50, 58,  !2,  !31,  !51}
l {21,  !25,  !33}
l { !22}
l { !19}
l {}
TAU nach Vereinfachung (CHEVBK) : Implies[29, 12] &&  !(29 && 8) && Implies[10, 60] && Implies[60, 10] && Implies[10, 11] && Implies[12,  !10]
ch { !68,  !69,  !70,  !71, 67,  !63,  !64,  !65,  !66, 62,  !73,  !74,  !75,  !76, 72}
bk {9, 26, 17,  !16,  !14, 15, 23}
ev {61, 79, 59, 78, 6, 36, 39}
 posTot {3, 7, 18, 20, 28, 32, 52, 61, 62, 67, 72, 77,  !63,  !64,  !65,  !66,  !68,  !69,  !70,  !71,  !73,  !74,  !75,  !76}
posNeu {3, 7, 18, 20, 28, 32, 52, 61,  !40,  !45,  !53, 77, 41, 42, 43, 44, 46, 47, 48, 49, 54, 55, 56, 57}
TAU vor Vereinfachung Implies[29 && 58, 12] && Implies[29 && 12, 58] &&  !(35 &&  !9) && Implies[29 && 8,  !9] && Implies[29 &&  !9, 8] && Implies[16 && 13, 60] && Implies[16 && 60, 13] && Implies[15 && 10, 60] && Implies[15 && 60, 10] && Implies[17, 23] && 30 && Implies[17 && 30, 36] && Implies[17 && 36, 30] && Implies[16 && 14, 31] && Implies[16 && 31, 14] && 1 && Implies[17 && 1, 6] && Implies[17 && 6, 1] && 50 && Implies[17 && 50, 39] && Implies[17 && 39, 50] && Implies[59 && 26, 78] && Implies[59, 24] &&  !(24 && 31) && Implies[24 && 50, 30] && 34 && 37 && Implies[24 && 37, 34] && 35 && 38 && Implies[24 && 38, 35] && 1 && 4 && Implies[34, 4] && 5 && Implies[35, 5] && Implies[33, 25] && Implies[25, 50] && Implies[25, 50] && Implies[25 && 4, 37] && Implies[25 && 5, 38] && Implies[30 && 1 && 50, 79] && Implies[79 && 24, 21] && Implies[24 && 38, 21] && Implies[19, 22] && Implies[79 && 25, 22] && Implies[25, 19] && Implies[29, 15] && Implies[10, 11] && 58 &&  !31 &&  !31 &&  !2 &&  !2 &&  !51 &&  !51 && Implies[59, 27] && Implies[24, 59] && Implies[25, 33] && Implies[21, 79] && Implies[21, 24] && Implies[22, 79] && Implies[22, 25] && Implies[22, 19] && Implies[12,  !10] && Implies[25,  !24] && Implies[33,  !27]
l {1, 4, 5, 30, 34, 35, 37, 38, 50, 58,  !2,  !31,  !51}
l {9, 79}
l {}
TAU nach Vereinfachung (CH) : Implies[29, 12] &&  !(29 && 8) && Implies[16 && 13, 60] && Implies[16 && 60, 13] && Implies[15 && 10, 60] && Implies[15 && 60, 10] && Implies[17, 23] && Implies[17, 36] &&  !(16 && 14) && Implies[17, 6] && Implies[17, 39] && Implies[59 && 26, 78] && Implies[59, 24] && Implies[33, 25] && Implies[24, 21] && Implies[24, 21] && Implies[19, 22] && Implies[25, 22] && Implies[25, 19] && Implies[29, 15] && Implies[10, 11] && Implies[59, 27] && Implies[24, 59] && Implies[25, 33] && Implies[21, 24] && Implies[22, 25] && Implies[22, 19] && Implies[12,  !10] && Implies[25,  !24] && Implies[33,  !27]
sigmaH 40800
sigma 204932960
 dojH {0.0001990894973653823, 40800, 204932960}
 z {1., 1., 0.0001990894973653823}
 dojEK {5.855573451923009*^-8, 12, 204932960}
 f {1, 1., 5.855573451923009*^-8, 0.0001990894973653823}
ch { !68,  !69,  !70,  !71, 67,  !63,  !64,  !65,  !66, 62,  !73,  !74,  !75,  !76, 72}
bk {9, 26, 17,  !16,  !14, 15, 23}
ev {61, 79, 59, 78, 6, 36, 39}
 posTot {3, 6, 7, 9, 15, 17, 18, 20, 23, 26, 28, 32, 36, 39, 52, 59, 61, 77, 78, 79,  !14,  !16}
posNeu {3, 6, 7, 9, 15, 17, 18, 20, 23, 26, 28, 32, 36, 39, 52, 59, 61, 77, 78, 79,  !14,  !16}
TAU vor Vereinfachung Implies[29 && 58, 12] && Implies[29 && 12, 58] &&  !(29 && 8) && Implies[10, 60] && Implies[60, 10] && Implies[46 && 47 && 48 && 49,  !45] && Implies[ !46 && 47, 48] && Implies[ !48 && 47, 46] && Implies[ !47 && 48, 49] && Implies[ !49 && 48, 47] && Implies[ !48 && 49, 45] && Implies[ !45 && 49, 48] && Implies[46 && 47 && 48 && 49 &&  !45, 30] && 30 && Implies[ !46 && 47 && 48 && 49 && 45, 31] && Implies[41 && 42 && 43 && 44,  !40] && Implies[ !41 && 42, 43] && Implies[ !43 && 42, 41] && Implies[ !42 && 43, 44] && Implies[ !44 && 43, 42] && Implies[ !43 && 44, 40] && Implies[ !40 && 44, 43] && Implies[41 && 42 && 43 && 44 &&  !40, 1] && 1 && Implies[41 &&  !42 && 43 && 44 && 40, 2] && Implies[54 && 55 && 56 && 57,  !53] && Implies[54 && 55 && 56 && 57 &&  !53, 50] && 50 && Implies[54 && 55 &&  !56 && 57 && 53, 51] && 24 && Implies[24 && 31,  !54] && Implies[24 && 50, 30] && Implies[24 && 54, 46] && Implies[46 && 47, 34] && Implies[54 && 55, 37] && Implies[24 && 37, 34] && Implies[46 && 47 && 48, 35] && Implies[54 && 55 && 56, 38] && Implies[24 && 38, 35] && Implies[ !41, 31] && Implies[ !45, 1] && Implies[46, 41] && Implies[ !47, 41] && Implies[41 && 42, 4] && Implies[34, 4] && Implies[ !48, 4] && Implies[41 && 42 && 43, 5] && Implies[35, 5] && Implies[ !49, 5] && Implies[33, 25] && Implies[25 &&  !45, 50] && Implies[25 &&  !54,  !41] && Implies[25 &&  !40, 50] && Implies[25 && 41, 54] && Implies[25 &&  !42, 54] && Implies[25 && 4, 37] && Implies[25 &&  !43, 37] && Implies[25 && 5, 38] && Implies[25 &&  !44, 38] && Implies[25 &&  !54 && 55, 56] && Implies[25 &&  !56 && 55, 54] && Implies[25 &&  !55 && 56, 57] && Implies[25 &&  !57 && 56, 55] && Implies[25 &&  !53 && 57, 56] && Implies[25 &&  !56 && 57, 53] && Implies[24, 21] && Implies[24 && 38, 21] && Implies[ !46 && 47 && 41,  !42] && Implies[ !46 && 47 && 42,  !41] && Implies[ !47 && 48 && 42,  !43] && Implies[ !47 && 48 && 43,  !42] && Implies[ !48 && 49 && 43,  !44] && Implies[ !48 && 49 && 44,  !43] && Implies[ !49 && 45 && 44,  !40] && Implies[ !49 && 45 && 40,  !44] && Implies[19, 22] && Implies[25, 22] && Implies[22 &&  !41 && 42 && 54,  !55] && Implies[22 &&  !41 && 42 && 55,  !54] && Implies[22 &&  !42 && 43 && 55,  !56] && Implies[22 &&  !42 && 43 && 56,  !55] && Implies[22 &&  !43 && 44 && 56,  !57] && Implies[22 &&  !43 && 44 && 57,  !56] && Implies[22 &&  !44 && 40 && 57,  !53] && Implies[22 &&  !44 && 40 && 53,  !57] && Implies[25 &&  !55, 19] && Implies[25 &&  !43 &&  !56, 19] && Implies[25 &&  !42 &&  !56, 19] && Implies[25 &&  !44 &&  !57, 19] && Implies[25 &&  !43 &&  !57, 19] && Implies[25 &&  !40, 19] && Implies[10, 11] && 58 && Implies[30, 46] && Implies[30, 47] && Implies[30, 48] && Implies[30, 49] && Implies[30,  !45] && Implies[31,  !46] && Implies[31, 47] && Implies[31, 48] && Implies[31, 49] && Implies[31, 45] && Implies[1, 41] && Implies[1, 42] && Implies[1, 43] && Implies[1, 44] && Implies[1,  !40] && Implies[2, 41] && Implies[2,  !42] && Implies[2, 43] && Implies[2, 44] && Implies[2, 40] && Implies[50, 54] && Implies[50, 55] && Implies[50, 56] && Implies[50, 57] && Implies[50,  !53] && Implies[51, 54] && Implies[51, 55] && Implies[51,  !56] && Implies[51, 57] && Implies[51, 53] && 27 && Implies[34, 46] && Implies[34, 47] && Implies[37, 54] && Implies[37, 55] && Implies[35, 46] && Implies[35, 47] && Implies[35, 48] && Implies[38, 54] && Implies[38, 55] && Implies[38, 56] && Implies[4, 41] && Implies[4, 42] && Implies[5, 41] && Implies[5, 42] && Implies[5, 43] && Implies[25, 33] && Implies[21, 24] && Implies[22, 25] && Implies[22, 19] && Implies[12,  !10] && Implies[25,  !24] && Implies[33,  !27]
l {1, 24, 27, 30, 50, 58}
l {21, 41, 42, 43, 44, 46, 47, 48, 49, 54, 55, 56, 57,  !25,  !33,  !40,  !45,  !53}
l {4, 5, 34, 35, 37, 38,  !2,  !22,  !31,  !51}
l { !19}
l {}
tau Implies[29, 12] &&  !(29 && 8) && Implies[10, 60] && Implies[60, 10] && Implies[10, 11] && Implies[12,  !10]
Anzahl Instanzen 12
Erste Instanz : {8, 10, 11,  !12,  !29, 60}
Boolean Variables : {8, 10, 11, 12, 29, 60}
ch { !68,  !69,  !70,  !71, 67,  !63,  !64,  !65,  !66, 62,  !73,  !74,  !75,  !76, 72}
bk {9, 26, 17,  !16,  !14, 15, 23}
ev {61, 79, 59, 78, 6, 36, 39}
 posTot {3, 6, 7, 9, 15, 17, 18, 20, 23, 26, 28, 32, 36, 39, 52, 59, 61, 62, 67, 72, 77, 78, 79,  !14,  !16,  !63,  !64,  !65,  !66,  !68,  !69,  !70,  !71,  !73,  !74,  !75,  !76}
posNeu {3, 6, 7, 9, 15, 17, 18, 20, 23, 26, 28, 32, 36, 39, 52, 59, 61,  !40,  !45,  !53, 77, 78, 79,  !14,  !16, 41, 42, 43, 44, 46, 47, 48, 49, 54, 55, 56, 57}
TAU vor Vereinfachung Implies[29 && 58, 12] && Implies[29 && 12, 58] &&  !(29 && 8) && Implies[10, 60] && Implies[60, 10] && 30 && 30 && 1 && 1 && 50 && 50 && 24 &&  !(24 && 31) && Implies[24 && 50, 30] && 34 && 37 && Implies[24 && 37, 34] && 35 && 38 && Implies[24 && 38, 35] && 1 && 4 && Implies[34, 4] && 5 && Implies[35, 5] && Implies[33, 25] && Implies[25, 50] && Implies[25, 50] && Implies[25 && 4, 37] && Implies[25 && 5, 38] && Implies[24, 21] && Implies[24 && 38, 21] && Implies[19, 22] && Implies[25, 22] && Implies[25, 19] && Implies[10, 11] && 58 &&  !31 &&  !31 &&  !2 &&  !2 &&  !51 &&  !51 && 27 && Implies[25, 33] && Implies[21, 24] && Implies[22, 25] && Implies[22, 19] && Implies[12,  !10] && Implies[25,  !24] && Implies[33,  !27]
l {1, 4, 5, 24, 27, 30, 34, 35, 37, 38, 50, 58,  !2,  !31,  !51}
l {21,  !25,  !33}
l { !22}
l { !19}
l {}
tau Implies[29, 12] &&  !(29 && 8) && Implies[10, 60] && Implies[60, 10] && Implies[10, 11] && Implies[12,  !10]
Anzahl Instanzen 12
Erste Instanz : {8, 10, 11,  !12,  !29, 60}
Boolean Variables : {8, 10, 11, 12, 29, 60}
