Mathematica File /home/cguenth/GDC/GDC_CONF.m
REV BR
PERS MUR
CONF ALL
Eingabe - Datei - TAU 2 /home/cguenth/GDC/TAU2/GDC_Tau_Simplified_S4.txt
Eingabe - Datei - POS /home/cguenth/GDC/POS/gdc_pos_S4.txt
Eingabe - Datei - SIG /home/cguenth/GDC/SIG2/GDC_Sigma_2_S4.txt
Ausgabe - Ordner /home/cguenth/GDC/GDC_Conf_BR_MUR_ALL_Out
Ausgabe - Datei GDC_CONF_BR_MUR_ALL_S4.txt
Package path /home/cguenth/GDC/DialecticalStructures/Argdown.m
Package path /home/cguenth/GDC/DialecticalStructures/GDCAnalysis3.m
Package path /home/cguenth/GDC/DialecticalStructures/GDCTools.m
Länge PersMod 3
Positions - Indexe {21, 21, 21}
PosFileInBR /home/cguenth/GDC/POS/gdc_pos_S3.txt
ch {111,  !112,  !113,  !114,  !110, 106,  !107,  !108,  !109,  !105,  !116,  !117,  !118, 119, 115}
bk { !11, 27, 19, 18,  !24, 12,  !49, 52, 42, 60}
ev { !121, 104,  !89, 97,  !91}
 posTot {3, 8, 9, 12, 18, 19, 20, 22, 27, 29, 34, 36, 42, 43, 48, 51, 52, 59, 60, 64, 83, 92, 94, 97, 100, 101, 103, 104, 120, 133,  !11,  !24,  !49,  !89,  !91,  !121}
posNeu {3, 8, 9, 12, 18, 19, 20, 22, 27, 29, 34, 36, 42, 43, 48, 51, 52, 59, 60, 64, 83, 92, 94, 97, 100, 101, 103, 104, 120, 133,  !11,  !24,  !49,  !89,  !91,  !121}
TAU vor Vereinfachung 26 &&  !23 && Implies[30, 31] && Implies[31, 30] &&  !33 && Implies[50,  !26] && Implies[50,  !23] && Implies[54,  !30] && Implies[55 && 90, 14] && Implies[55 && 14, 90] && Implies[56 && 90, 15] && Implies[56 && 15, 90] &&  !62 && Implies[55, 10] && Implies[31, 40] && Implies[31 && 93, 131] && 53 && Implies[25 && 102, 17] && Implies[32 && 102, 41] && Implies[102,  !95] && Implies[102,  !96] && Implies[77 && 78 && 79 && 80,  !76] && Implies[ !77 && 78, 79] && Implies[ !79 && 78, 77] && Implies[ !78 && 79, 80] && Implies[ !80 && 79, 78] && Implies[ !79 && 80, 76] && Implies[ !76 && 80, 79] && Implies[77 && 78 && 79 && 80 &&  !76, 57] && Implies[31 && 57, 63] && Implies[31 && 63, 57] && Implies[ !77 && 78 && 79 && 80 && 76, 58] && 58 && Implies[69 && 70 && 71 && 72,  !68] && Implies[ !69 && 70, 71] && Implies[ !71 && 70, 69] && Implies[ !70 && 71, 72] && Implies[ !72 && 71, 70] && Implies[ !71 && 72, 68] && Implies[ !68 && 72, 71] && Implies[69 && 70 && 71 && 72 &&  !68, 1] && Implies[31 && 1, 6] && Implies[31 && 6, 1] && Implies[69 &&  !70 && 71 && 72 && 68, 2] && Implies[25 && 2, 7] && Implies[25 && 7, 2] && Implies[85 && 86 && 87 && 88,  !84] && Implies[85 && 86 && 87 && 88 &&  !84, 81] && Implies[31 && 81, 67] && Implies[31 && 67, 81] && Implies[85 && 86 &&  !87 && 88 && 84, 82] &&  !88 && Implies[44 && 58,  !85] && Implies[44 && 81, 57] && Implies[44 && 85, 77] && Implies[77 && 78, 61] && Implies[85 && 86, 65] && Implies[44 && 65, 61] && Implies[77 && 78 && 79, 62] && Implies[85 && 86 && 87, 66] && Implies[44 && 66, 62] && Implies[ !69, 58] && Implies[ !76, 1] && Implies[77, 69] && Implies[ !78, 69] && Implies[69 && 70, 4] && Implies[61, 4] && Implies[ !79, 4] && Implies[69 && 70 && 71, 5] && Implies[62, 5] && Implies[ !80, 5] && 45 && Implies[45 &&  !76, 81] && Implies[45 &&  !85,  !69] && Implies[45 &&  !68, 81] && Implies[45 && 69, 85] && Implies[45 &&  !70, 85] && Implies[45 && 4, 65] && Implies[45 &&  !71, 65] && Implies[45 && 5, 66] && Implies[45 &&  !72, 66] && Implies[45 &&  !85 && 86, 87] && Implies[45 &&  !87 && 86, 85] && Implies[45 &&  !86 && 87, 88] && Implies[45 &&  !88 && 87, 86] && Implies[45 &&  !84 && 88, 87] && Implies[45 &&  !87 && 88, 84] && Implies[58 && 70 && 71 && 72 && 68 && 86 && 87 && 88 && 84, 122] && Implies[77 && 79 && 80 && 76 && 2 && 85 && 87 && 88 && 84, 122] && Implies[77 && 78 && 80 && 76 && 69 && 70 && 72 && 68 && 82, 122] && Implies[77 && 78 && 79 && 76 && 69 && 70 && 71 && 68 && 85 && 86 && 87 && 84, 122] && Implies[57 && 1 && 81, 122] && Implies[122 && 44, 37] && Implies[44 && 66, 37] && Implies[ !77 && 78 && 69,  !70] && Implies[ !77 && 78 && 70,  !69] && Implies[ !78 && 79 && 70,  !71] && Implies[ !78 && 79 && 71,  !70] && Implies[ !79 && 80 && 71,  !72] && Implies[ !79 && 80 && 72,  !71] && Implies[ !80 && 76 && 72,  !68] && Implies[ !80 && 76 && 68,  !72] && Implies[35, 38] && Implies[122 && 45, 38] && Implies[38 &&  !69 && 70 && 85,  !86] && Implies[38 &&  !69 && 70 && 86,  !85] && Implies[38 &&  !70 && 71 && 86,  !87] && Implies[38 &&  !70 && 71 && 87,  !86] && Implies[38 &&  !71 && 72 && 87,  !88] && Implies[38 &&  !71 && 72 && 88,  !87] && Implies[38 &&  !72 && 68 && 88,  !84] && Implies[38 &&  !72 && 68 && 84,  !88] && Implies[45 &&  !86, 35] && Implies[45 &&  !71 &&  !87, 35] && Implies[45 &&  !70 &&  !87, 35] && Implies[45 &&  !72 &&  !88, 35] && Implies[45 &&  !71 &&  !88, 35] && Implies[45 &&  !68, 35] && 28 && 54 &&  !55 && 28 && 28 && Implies[26, 28] && 21 && Implies[14, 21] && Implies[23, 21] && 53 && Implies[40, 33] && Implies[39, 33] && Implies[30, 33] && Implies[63, 39] && Implies[6, 39] && Implies[67, 39] && Implies[55, 56] && Implies[56, 25] && Implies[31, 32] && 54 && 13 && 90 && 17 && Implies[17, 16] && Implies[14, 15] && Implies[40, 41] && Implies[93, 39] && Implies[95, 50] && Implies[ !95, 102] && Implies[96, 54] && Implies[ !96, 102] && Implies[57, 77] && Implies[57, 78] && Implies[57, 79] && Implies[57, 80] && Implies[57,  !76] && Implies[58,  !77] && Implies[58, 78] && Implies[58, 79] && Implies[58, 80] && Implies[58, 76] && Implies[1, 69] && Implies[1, 70] && Implies[1, 71] && Implies[1, 72] && Implies[1,  !68] && Implies[2, 69] && Implies[2,  !70] && Implies[2, 71] && Implies[2, 72] && Implies[2, 68] && Implies[81, 85] && Implies[81, 86] && Implies[81, 87] && Implies[81, 88] && Implies[81,  !84] && Implies[82, 85] && Implies[82, 86] && Implies[82,  !87] && Implies[82, 88] && Implies[82, 84] &&  !44 && Implies[61, 77] && Implies[61, 78] && Implies[65, 85] && Implies[65, 86] && Implies[62, 77] && Implies[62, 78] && Implies[62, 79] && Implies[66, 85] && Implies[66, 86] && Implies[66, 87] && Implies[4, 69] && Implies[4, 70] && Implies[5, 69] && Implies[5, 70] && Implies[5, 71] && Implies[37, 122] && Implies[37, 44] && Implies[38, 122] && Implies[38, 45] && Implies[38, 35] &&  !14 && Implies[17,  !15] && Implies[23, 21] && Implies[26, 28] && Implies[30, 33] && Implies[45,  !44] &&  !47 &&  !131
l {13, 17, 21, 26, 28, 45, 53, 54, 58, 90,  !14,  !23,  !33,  !44,  !47,  !55,  !62,  !88,  !131}
l {16, 76, 78, 79, 80,  !15,  !30,  !37,  !39,  !40,  !50,  !77,  !81,  !82}
l {68,  !6,  !31,  !56,  !57,  !61,  !63,  !67,  !93,  !95}
l {102,  !1}
l { !96}
l {}
TAU nach Vereinfachung (EVBK) : Implies[32, 41] &&  !(69 && 70 && 71 && 72) && Implies[ !69 && 70, 71] && Implies[ !71 && 70, 69] && Implies[ !70 && 71, 72] && Implies[ !72 && 71, 70] && Implies[69 &&  !70 && 71 && 72, 2] && Implies[25 && 2, 7] && Implies[25 && 7, 2] && Implies[85 && 86, 65] && Implies[85 && 86 && 87, 66] && Implies[69 && 70, 4] && Implies[69 && 70 && 71, 5] && Implies[ !85,  !69] && Implies[69, 85] && Implies[ !70, 85] && Implies[4, 65] && Implies[ !71, 65] && Implies[5, 66] && Implies[ !72, 66] && Implies[ !85 && 86, 87] && Implies[ !87 && 86, 85] &&  !( !86 && 87) && Implies[87, 86] && Implies[69,  !70] && Implies[70,  !69] && Implies[35, 38] && Implies[122, 38] && Implies[38 &&  !69 && 70 && 85,  !86] && Implies[38 &&  !69 && 70 && 86,  !85] && Implies[38 &&  !70 && 71 && 86,  !87] && Implies[38 &&  !70 && 71 && 87,  !86] && Implies[ !86, 35] && Implies[ !71 &&  !87, 35] && Implies[ !70 &&  !87, 35] && Implies[ !72, 35] && Implies[ !71, 35] && Implies[2, 69] && Implies[2,  !70] && Implies[2, 71] && Implies[2, 72] && Implies[65, 85] && Implies[65, 86] && Implies[66, 85] && Implies[66, 86] && Implies[66, 87] && Implies[4, 69] && Implies[4, 70] && Implies[5, 69] && Implies[5, 70] && Implies[5, 71] && Implies[38, 122] && Implies[38, 35]
PosFileInBR /home/cguenth/GDC/POS/gdc_pos_S3.txt
ch {111,  !112,  !113,  !114,  !110, 106,  !107,  !108,  !109,  !105,  !116,  !117,  !118, 119, 115}
bk { !11, 27, 19, 18,  !24, 12,  !49, 52, 42, 60}
ev { !121, 104,  !89, 97,  !91}
 posTot {3, 8, 9, 12, 18, 19, 20, 22, 27, 29, 34, 36, 42, 43, 48, 51, 52, 59, 60, 64, 83, 92, 94, 97, 100, 101, 103, 104, 106, 111, 115, 119, 120, 133,  !11,  !24,  !49,  !89,  !91,  !105,  !107,  !108,  !109,  !110,  !112,  !113,  !114,  !116,  !117,  !118,  !121}
posNeu {3, 8, 9, 12, 18, 19, 20, 22, 27, 29, 34, 36, 42, 43, 48, 51, 52, 59, 60, 64, 83, 92, 94, 97, 100, 101, 103, 104,  !69,  !77,  !84,  !88, 120, 133,  !11,  !24,  !49,  !89,  !91, 68, 70, 71, 72, 76, 78, 79, 80, 85, 86, 87,  !121}
TAU vor Vereinfachung 26 &&  !23 && Implies[30, 31] && Implies[31, 30] &&  !33 && Implies[50,  !26] && Implies[50,  !23] && Implies[54,  !30] && Implies[55 && 90, 14] && Implies[55 && 14, 90] && Implies[56 && 90, 15] && Implies[56 && 15, 90] &&  !62 && Implies[55, 10] && Implies[31, 40] && Implies[31 && 93, 131] && 53 && Implies[25 && 102, 17] && Implies[32 && 102, 41] && Implies[102,  !95] && Implies[102,  !96] && Implies[31 && 57, 63] && Implies[31 && 63, 57] && 58 && 58 && Implies[31 && 1, 6] && Implies[31 && 6, 1] && Implies[25 && 2, 7] && Implies[25 && 7, 2] && Implies[31 && 81, 67] && Implies[31 && 67, 81] &&  !(44 && 58) && Implies[44 && 81, 57] &&  !44 && 65 && Implies[44 && 65, 61] && 66 && Implies[44 && 66, 62] && 58 && Implies[61, 4] && Implies[62, 5] && 45 && Implies[45 && 4, 65] && Implies[45 && 5, 66] && Implies[57 && 1 && 81, 122] && Implies[122 && 44, 37] && Implies[44 && 66, 37] && Implies[35, 38] && Implies[122 && 45, 38] &&  !38 &&  !38 && 28 && 54 &&  !55 && 28 && 28 && Implies[26, 28] && 21 && Implies[14, 21] && Implies[23, 21] && 53 && Implies[40, 33] && Implies[39, 33] && Implies[30, 33] && Implies[63, 39] && Implies[6, 39] && Implies[67, 39] && Implies[55, 56] && Implies[56, 25] && Implies[31, 32] && 54 && 13 && 90 && 17 && Implies[17, 16] && Implies[14, 15] && Implies[40, 41] && Implies[93, 39] && Implies[95, 50] && Implies[ !95, 102] && Implies[96, 54] && Implies[ !96, 102] &&  !57 &&  !57 &&  !1 &&  !1 &&  !2 &&  !2 &&  !81 &&  !82 &&  !82 &&  !82 &&  !44 &&  !61 &&  !62 &&  !4 &&  !5 && Implies[37, 122] && Implies[37, 44] && Implies[38, 122] && Implies[38, 45] && Implies[38, 35] &&  !14 && Implies[17,  !15] && Implies[23, 21] && Implies[26, 28] && Implies[30, 33] && Implies[45,  !44] &&  !47 &&  !131
l {13, 17, 21, 26, 28, 45, 53, 54, 58, 65, 66, 90,  !1,  !2,  !4,  !5,  !14,  !23,  !33,  !38,  !44,  !47,  !55,  !57,  !61,  !62,  !81,  !82,  !131}
l {16,  !15,  !30,  !35,  !37,  !39,  !40,  !50,  !122}
l { !6,  !31,  !56,  !63,  !67,  !93,  !95}
l {102}
l { !96}
l {}
TAU nach Vereinfachung (CHEVBK) : Implies[32, 41] &&  !(25 && 7)
PosFileInBR /home/cguenth/GDC/POS/gdc_pos_S3.txt
ch {111,  !112,  !113,  !114,  !110, 106,  !107,  !108,  !109,  !105,  !116,  !117,  !118, 119, 115}
bk { !11, 27, 19, 18,  !24, 12,  !49, 52, 42, 60}
ev { !121, 104,  !89, 97,  !91}
 posTot {3, 8, 9, 20, 22, 29, 34, 36, 43, 48, 51, 59, 64, 83, 92, 94, 100, 101, 103, 106, 111, 115, 119, 120, 133,  !105,  !107,  !108,  !109,  !110,  !112,  !113,  !114,  !116,  !117,  !118}
posNeu {3, 8, 9, 20, 22, 29, 34, 36, 43, 48, 51, 59, 64, 83, 92, 94, 100, 101, 103,  !69,  !77,  !84,  !88, 120, 133, 68, 70, 71, 72, 76, 78, 79, 80, 85, 86, 87}
TAU vor Vereinfachung Implies[26, 27] && Implies[27, 26] && Implies[49,  !28] && Implies[23, 24] && Implies[24, 23] && Implies[49,  !21] && Implies[30, 31] && Implies[31, 30] && Implies[52,  !33] && Implies[50,  !26] && Implies[50,  !23] && Implies[54,  !30] && Implies[55 && 90, 14] && Implies[55 && 14, 90] && Implies[56 && 90, 15] && Implies[56 && 15, 90] &&  !(62 &&  !11) && Implies[55 && 10,  !11] && Implies[55 &&  !11, 10] && Implies[27 && 18, 97] && Implies[27 && 97, 18] && Implies[24 && 12, 97] && Implies[24 && 97, 12] && Implies[31, 40] && Implies[31 && 93, 131] && 53 && Implies[25 && 102 && 17, 97] && Implies[25 && 102 && 97, 17] && Implies[32 && 102, 41] && Implies[102,  !95] && Implies[102,  !96] && Implies[31 && 57, 63] && Implies[31 && 63, 57] && 58 && Implies[27 && 19, 58] && Implies[27 && 58, 19] && Implies[31 && 1, 6] && Implies[31 && 6, 1] && Implies[25 && 2, 7] && Implies[25 && 7, 2] && Implies[31 && 81, 67] && Implies[31 && 67, 81] && Implies[91 && 46, 121] && Implies[91, 44] &&  !(44 && 58) && Implies[44 && 81, 57] &&  !44 && 65 && Implies[44 && 65, 61] && 66 && Implies[44 && 66, 62] && 58 && Implies[61, 4] && Implies[62, 5] && Implies[60, 45] && Implies[45 && 4, 65] && Implies[45 && 5, 66] && Implies[57 && 1 && 81, 122] && Implies[122 && 44, 37] && Implies[44 && 66, 37] && Implies[35, 38] && Implies[122 && 45, 38] &&  !38 &&  !38 && Implies[89, 11] && Implies[104, 28] && 54 && Implies[55, 24] && Implies[49, 11] && Implies[19, 28] && Implies[18, 28] && Implies[26, 28] && Implies[12, 21] && Implies[14, 21] && Implies[23, 21] && Implies[52, 53] && Implies[40, 33] && Implies[39, 33] && Implies[30, 33] && Implies[63, 39] && Implies[6, 39] && Implies[67, 39] && Implies[55, 56] && Implies[56, 25] && Implies[24, 25] && Implies[31, 32] && Implies[49, 50] && Implies[52, 54] && Implies[12, 13] && 90 && Implies[12, 17] && Implies[17, 16] && Implies[14, 15] && Implies[40, 41] && Implies[93, 39] && Implies[95, 50] && Implies[ !95, 102] && Implies[96, 54] && Implies[ !96, 102] &&  !57 &&  !57 &&  !1 &&  !1 &&  !2 &&  !2 &&  !81 &&  !82 &&  !82 &&  !82 && Implies[91, 47] && Implies[44, 91] &&  !61 &&  !62 &&  !4 &&  !5 && Implies[45, 60] && Implies[37, 122] && Implies[37, 44] && Implies[38, 122] && Implies[38, 45] && Implies[38, 35] && Implies[14,  !12] && Implies[17,  !15] && Implies[23, 21] && Implies[26, 28] && Implies[30, 33] && Implies[45,  !44] && Implies[60,  !47] &&  !131
l {53, 54, 58, 65, 66, 90,  !1,  !2,  !4,  !5,  !38,  !44,  !57,  !61,  !62,  !81,  !82,  !131}
l { !30,  !35,  !37,  !91}
l { !31}
l {}
TAU nach Vereinfachung (CH) : Implies[26, 27] && Implies[27, 26] && Implies[49,  !28] && Implies[23, 24] && Implies[24, 23] && Implies[49,  !21] && Implies[52,  !33] && Implies[50,  !26] && Implies[50,  !23] && Implies[55, 14] && Implies[56, 15] && Implies[55 && 10,  !11] && Implies[55 &&  !11, 10] && Implies[27 && 18, 97] && Implies[27 && 97, 18] && Implies[24 && 12, 97] && Implies[24 && 97, 12] && Implies[25 && 102 && 17, 97] && Implies[25 && 102 && 97, 17] && Implies[32 && 102, 41] && Implies[102,  !95] && Implies[102,  !96] && Implies[27, 19] &&  !(25 && 7) && Implies[60, 45] &&  !(122 && 45) && Implies[89, 11] && Implies[104, 28] && Implies[55, 24] && Implies[49, 11] && Implies[19, 28] && Implies[18, 28] && Implies[26, 28] && Implies[12, 21] && Implies[14, 21] && Implies[23, 21] && Implies[40, 33] && Implies[39, 33] && Implies[63, 39] && Implies[6, 39] && Implies[67, 39] && Implies[55, 56] && Implies[56, 25] && Implies[24, 25] && Implies[49, 50] && Implies[12, 13] && Implies[12, 17] && Implies[17, 16] && Implies[14, 15] && Implies[40, 41] && Implies[93, 39] && Implies[95, 50] && Implies[ !95, 102] && Implies[ !96, 102] && Implies[45, 60] && Implies[14,  !12] && Implies[17,  !15] && Implies[23, 21] && Implies[26, 28] && Implies[60,  !47]
sigmaH 13586570
sigma 102320824810
 dojH {0.00013278401562173646, 13586570, 102320824810}
 z {0.0554301317754174, 0.05555555555555555, 0.00013278401562173646}
 dojEK {1.5832554155111487*^-9, 162, 102320824810}
 f {0.9954949147218842, 0.05555555555555555, 1.5832554155111487*^-9, 0.00013278401562173646}
PosFileInBR /home/cguenth/GDC/POS/gdc_pos_S3.txt
ch {111,  !112,  !113,  !114,  !110, 106,  !107,  !108,  !109,  !105,  !116,  !117,  !118, 119, 115}
bk { !11, 27, 19, 18,  !24, 12,  !49, 52, 42, 60}
ev { !121, 104,  !89, 97,  !91}
 posTot {3, 8, 9, 12, 18, 19, 20, 22, 27, 29, 34, 36, 42, 43, 48, 51, 52, 59, 60, 64, 83, 92, 94, 97, 100, 101, 103, 104, 120, 133,  !11,  !24,  !49,  !89,  !91,  !121}
posNeu {3, 8, 9, 12, 18, 19, 20, 22, 27, 29, 34, 36, 42, 43, 48, 51, 52, 59, 60, 64, 83, 92, 94, 97, 100, 101, 103, 104, 120, 133,  !11,  !24,  !49,  !89,  !91,  !121}
TAU vor Vereinfachung 26 &&  !23 && Implies[30, 31] && Implies[31, 30] &&  !33 && Implies[50,  !26] && Implies[50,  !23] && Implies[54,  !30] && Implies[55 && 90, 14] && Implies[55 && 14, 90] && Implies[56 && 90, 15] && Implies[56 && 15, 90] &&  !62 && Implies[55, 10] && Implies[31, 40] && Implies[31 && 93, 131] && 53 && Implies[25 && 102, 17] && Implies[32 && 102, 41] && Implies[102,  !95] && Implies[102,  !96] && Implies[77 && 78 && 79 && 80,  !76] && Implies[ !77 && 78, 79] && Implies[ !79 && 78, 77] && Implies[ !78 && 79, 80] && Implies[ !80 && 79, 78] && Implies[ !79 && 80, 76] && Implies[ !76 && 80, 79] && Implies[77 && 78 && 79 && 80 &&  !76, 57] && Implies[31 && 57, 63] && Implies[31 && 63, 57] && Implies[ !77 && 78 && 79 && 80 && 76, 58] && 58 && Implies[69 && 70 && 71 && 72,  !68] && Implies[ !69 && 70, 71] && Implies[ !71 && 70, 69] && Implies[ !70 && 71, 72] && Implies[ !72 && 71, 70] && Implies[ !71 && 72, 68] && Implies[ !68 && 72, 71] && Implies[69 && 70 && 71 && 72 &&  !68, 1] && Implies[31 && 1, 6] && Implies[31 && 6, 1] && Implies[69 &&  !70 && 71 && 72 && 68, 2] && Implies[25 && 2, 7] && Implies[25 && 7, 2] && Implies[85 && 86 && 87 && 88,  !84] && Implies[85 && 86 && 87 && 88 &&  !84, 81] && Implies[31 && 81, 67] && Implies[31 && 67, 81] && Implies[85 && 86 &&  !87 && 88 && 84, 82] &&  !88 && Implies[44 && 58,  !85] && Implies[44 && 81, 57] && Implies[44 && 85, 77] && Implies[77 && 78, 61] && Implies[85 && 86, 65] && Implies[44 && 65, 61] && Implies[77 && 78 && 79, 62] && Implies[85 && 86 && 87, 66] && Implies[44 && 66, 62] && Implies[ !69, 58] && Implies[ !76, 1] && Implies[77, 69] && Implies[ !78, 69] && Implies[69 && 70, 4] && Implies[61, 4] && Implies[ !79, 4] && Implies[69 && 70 && 71, 5] && Implies[62, 5] && Implies[ !80, 5] && 45 && Implies[45 &&  !76, 81] && Implies[45 &&  !85,  !69] && Implies[45 &&  !68, 81] && Implies[45 && 69, 85] && Implies[45 &&  !70, 85] && Implies[45 && 4, 65] && Implies[45 &&  !71, 65] && Implies[45 && 5, 66] && Implies[45 &&  !72, 66] && Implies[45 &&  !85 && 86, 87] && Implies[45 &&  !87 && 86, 85] && Implies[45 &&  !86 && 87, 88] && Implies[45 &&  !88 && 87, 86] && Implies[45 &&  !84 && 88, 87] && Implies[45 &&  !87 && 88, 84] && Implies[58 && 70 && 71 && 72 && 68 && 86 && 87 && 88 && 84, 122] && Implies[77 && 79 && 80 && 76 && 2 && 85 && 87 && 88 && 84, 122] && Implies[77 && 78 && 80 && 76 && 69 && 70 && 72 && 68 && 82, 122] && Implies[77 && 78 && 79 && 76 && 69 && 70 && 71 && 68 && 85 && 86 && 87 && 84, 122] && Implies[57 && 1 && 81, 122] && Implies[122 && 44, 37] && Implies[44 && 66, 37] && Implies[ !77 && 78 && 69,  !70] && Implies[ !77 && 78 && 70,  !69] && Implies[ !78 && 79 && 70,  !71] && Implies[ !78 && 79 && 71,  !70] && Implies[ !79 && 80 && 71,  !72] && Implies[ !79 && 80 && 72,  !71] && Implies[ !80 && 76 && 72,  !68] && Implies[ !80 && 76 && 68,  !72] && Implies[35, 38] && Implies[122 && 45, 38] && Implies[38 &&  !69 && 70 && 85,  !86] && Implies[38 &&  !69 && 70 && 86,  !85] && Implies[38 &&  !70 && 71 && 86,  !87] && Implies[38 &&  !70 && 71 && 87,  !86] && Implies[38 &&  !71 && 72 && 87,  !88] && Implies[38 &&  !71 && 72 && 88,  !87] && Implies[38 &&  !72 && 68 && 88,  !84] && Implies[38 &&  !72 && 68 && 84,  !88] && Implies[45 &&  !86, 35] && Implies[45 &&  !71 &&  !87, 35] && Implies[45 &&  !70 &&  !87, 35] && Implies[45 &&  !72 &&  !88, 35] && Implies[45 &&  !71 &&  !88, 35] && Implies[45 &&  !68, 35] && 28 && 54 &&  !55 && 28 && 28 && Implies[26, 28] && 21 && Implies[14, 21] && Implies[23, 21] && 53 && Implies[40, 33] && Implies[39, 33] && Implies[30, 33] && Implies[63, 39] && Implies[6, 39] && Implies[67, 39] && Implies[55, 56] && Implies[56, 25] && Implies[31, 32] && 54 && 13 && 90 && 17 && Implies[17, 16] && Implies[14, 15] && Implies[40, 41] && Implies[93, 39] && Implies[95, 50] && Implies[ !95, 102] && Implies[96, 54] && Implies[ !96, 102] && Implies[57, 77] && Implies[57, 78] && Implies[57, 79] && Implies[57, 80] && Implies[57,  !76] && Implies[58,  !77] && Implies[58, 78] && Implies[58, 79] && Implies[58, 80] && Implies[58, 76] && Implies[1, 69] && Implies[1, 70] && Implies[1, 71] && Implies[1, 72] && Implies[1,  !68] && Implies[2, 69] && Implies[2,  !70] && Implies[2, 71] && Implies[2, 72] && Implies[2, 68] && Implies[81, 85] && Implies[81, 86] && Implies[81, 87] && Implies[81, 88] && Implies[81,  !84] && Implies[82, 85] && Implies[82, 86] && Implies[82,  !87] && Implies[82, 88] && Implies[82, 84] &&  !44 && Implies[61, 77] && Implies[61, 78] && Implies[65, 85] && Implies[65, 86] && Implies[62, 77] && Implies[62, 78] && Implies[62, 79] && Implies[66, 85] && Implies[66, 86] && Implies[66, 87] && Implies[4, 69] && Implies[4, 70] && Implies[5, 69] && Implies[5, 70] && Implies[5, 71] && Implies[37, 122] && Implies[37, 44] && Implies[38, 122] && Implies[38, 45] && Implies[38, 35] &&  !14 && Implies[17,  !15] && Implies[23, 21] && Implies[26, 28] && Implies[30, 33] && Implies[45,  !44] &&  !47 &&  !131
l {13, 17, 21, 26, 28, 45, 53, 54, 58, 90,  !14,  !23,  !33,  !44,  !47,  !55,  !62,  !88,  !131}
l {16, 76, 78, 79, 80,  !15,  !30,  !37,  !39,  !40,  !50,  !77,  !81,  !82}
l {68,  !6,  !31,  !56,  !57,  !61,  !63,  !67,  !93,  !95}
l {102,  !1}
l { !96}
l {}
tau Implies[32, 41] &&  !(69 && 70 && 71 && 72) && Implies[ !69 && 70, 71] && Implies[ !71 && 70, 69] && Implies[ !70 && 71, 72] && Implies[ !72 && 71, 70] && Implies[69 &&  !70 && 71 && 72, 2] && Implies[25 && 2, 7] && Implies[25 && 7, 2] && Implies[85 && 86, 65] && Implies[85 && 86 && 87, 66] && Implies[69 && 70, 4] && Implies[69 && 70 && 71, 5] && Implies[ !85,  !69] && Implies[69, 85] && Implies[ !70, 85] && Implies[4, 65] && Implies[ !71, 65] && Implies[5, 66] && Implies[ !72, 66] && Implies[ !85 && 86, 87] && Implies[ !87 && 86, 85] &&  !( !86 && 87) && Implies[87, 86] && Implies[69,  !70] && Implies[70,  !69] && Implies[35, 38] && Implies[122, 38] && Implies[38 &&  !69 && 70 && 85,  !86] && Implies[38 &&  !69 && 70 && 86,  !85] && Implies[38 &&  !70 && 71 && 86,  !87] && Implies[38 &&  !70 && 71 && 87,  !86] && Implies[ !86, 35] && Implies[ !71 &&  !87, 35] && Implies[ !70 &&  !87, 35] && Implies[ !72, 35] && Implies[ !71, 35] && Implies[2, 69] && Implies[2,  !70] && Implies[2, 71] && Implies[2, 72] && Implies[65, 85] && Implies[65, 86] && Implies[66, 85] && Implies[66, 86] && Implies[66, 87] && Implies[4, 69] && Implies[4, 70] && Implies[5, 69] && Implies[5, 70] && Implies[5, 71] && Implies[38, 122] && Implies[38, 35]
Anzahl Instanzen 162
Erste Instanz : {2,  !4,  !5, 7, 25, 32, 35, 38, 41, 65,  !66, 69,  !70, 71, 72, 85, 86,  !87, 122}
Boolean Variables : {2, 7, 25, 32, 35, 38, 41, 65, 66, 69, 70, 71, 72, 85, 86, 87, 122}
PosFileInBR /home/cguenth/GDC/POS/gdc_pos_S3.txt
ch {111,  !112,  !113,  !114,  !110, 106,  !107,  !108,  !109,  !105,  !116,  !117,  !118, 119, 115}
bk { !11, 27, 19, 18,  !24, 12,  !49, 52, 42, 60}
ev { !121, 104,  !89, 97,  !91}
 posTot {3, 8, 9, 12, 18, 19, 20, 22, 27, 29, 34, 36, 42, 43, 48, 51, 52, 59, 60, 64, 83, 92, 94, 97, 100, 101, 103, 104, 106, 111, 115, 119, 120, 133,  !11,  !24,  !49,  !89,  !91,  !105,  !107,  !108,  !109,  !110,  !112,  !113,  !114,  !116,  !117,  !118,  !121}
posNeu {3, 8, 9, 12, 18, 19, 20, 22, 27, 29, 34, 36, 42, 43, 48, 51, 52, 59, 60, 64, 83, 92, 94, 97, 100, 101, 103, 104,  !69,  !77,  !84,  !88, 120, 133,  !11,  !24,  !49,  !89,  !91, 68, 70, 71, 72, 76, 78, 79, 80, 85, 86, 87,  !121}
TAU vor Vereinfachung 26 &&  !23 && Implies[30, 31] && Implies[31, 30] &&  !33 && Implies[50,  !26] && Implies[50,  !23] && Implies[54,  !30] && Implies[55 && 90, 14] && Implies[55 && 14, 90] && Implies[56 && 90, 15] && Implies[56 && 15, 90] &&  !62 && Implies[55, 10] && Implies[31, 40] && Implies[31 && 93, 131] && 53 && Implies[25 && 102, 17] && Implies[32 && 102, 41] && Implies[102,  !95] && Implies[102,  !96] && Implies[31 && 57, 63] && Implies[31 && 63, 57] && 58 && 58 && Implies[31 && 1, 6] && Implies[31 && 6, 1] && Implies[25 && 2, 7] && Implies[25 && 7, 2] && Implies[31 && 81, 67] && Implies[31 && 67, 81] &&  !(44 && 58) && Implies[44 && 81, 57] &&  !44 && 65 && Implies[44 && 65, 61] && 66 && Implies[44 && 66, 62] && 58 && Implies[61, 4] && Implies[62, 5] && 45 && Implies[45 && 4, 65] && Implies[45 && 5, 66] && Implies[57 && 1 && 81, 122] && Implies[122 && 44, 37] && Implies[44 && 66, 37] && Implies[35, 38] && Implies[122 && 45, 38] &&  !38 &&  !38 && 28 && 54 &&  !55 && 28 && 28 && Implies[26, 28] && 21 && Implies[14, 21] && Implies[23, 21] && 53 && Implies[40, 33] && Implies[39, 33] && Implies[30, 33] && Implies[63, 39] && Implies[6, 39] && Implies[67, 39] && Implies[55, 56] && Implies[56, 25] && Implies[31, 32] && 54 && 13 && 90 && 17 && Implies[17, 16] && Implies[14, 15] && Implies[40, 41] && Implies[93, 39] && Implies[95, 50] && Implies[ !95, 102] && Implies[96, 54] && Implies[ !96, 102] &&  !57 &&  !57 &&  !1 &&  !1 &&  !2 &&  !2 &&  !81 &&  !82 &&  !82 &&  !82 &&  !44 &&  !61 &&  !62 &&  !4 &&  !5 && Implies[37, 122] && Implies[37, 44] && Implies[38, 122] && Implies[38, 45] && Implies[38, 35] &&  !14 && Implies[17,  !15] && Implies[23, 21] && Implies[26, 28] && Implies[30, 33] && Implies[45,  !44] &&  !47 &&  !131
l {13, 17, 21, 26, 28, 45, 53, 54, 58, 65, 66, 90,  !1,  !2,  !4,  !5,  !14,  !23,  !33,  !38,  !44,  !47,  !55,  !57,  !61,  !62,  !81,  !82,  !131}
l {16,  !15,  !30,  !35,  !37,  !39,  !40,  !50,  !122}
l { !6,  !31,  !56,  !63,  !67,  !93,  !95}
l {102}
l { !96}
l {}
tau Implies[32, 41] &&  !(25 && 7)
Anzahl Instanzen 9
Erste Instanz : {7,  !25, 32, 41}
Boolean Variables : {7, 25, 32, 41}
