Mathematica File /home/cguenth/GDC/GDC_CONF.m
REV AR
PERS DLB
CONF DOJ
Eingabe - Datei - TAU 2 /home/cguenth/GDC/TAU2/GDC_Tau_Simplified_S1.txt
Eingabe - Datei - POS /home/cguenth/GDC/POS/gdc_pos_S1.txt
Eingabe - Datei - SIG /home/cguenth/GDC/SIG2/GDC_Sigma_2_S1.txt
Ausgabe - Ordner /home/cguenth/GDC/GDC_Conf_AR_DLB_DOJ_Out
Ausgabe - Datei GDC_CONF_AR_DLB_DOJ_S1.txt
Package path /home/cguenth/GDC/DialecticalStructures/Argdown.m
Package path /home/cguenth/GDC/DialecticalStructures/GDCAnalysis3.m
Package path /home/cguenth/GDC/DialecticalStructures/GDCTools.m
Länge PersMod 3
Positions - Indexe {17, 17, 17}
ch { !68,  !69,  !70,  !71, 67,  !63,  !64,  !65,  !66, 62,  !73,  !74,  !75,  !76, 72}
bk {9, 26, 17,  !16,  !14,  !15,  !10,  !12}
ev {60, 79, 59, 78, 6, 36, 39}
 posTot {3, 6, 7, 9, 17, 18, 20, 26, 28, 32, 36, 39, 52, 59, 60, 61, 77, 78, 79,  !10,  !12,  !14,  !15,  !16}
posNeu {3, 6, 7, 9, 17, 18, 20, 26, 28, 32, 36, 39, 52, 59, 60, 61, 77, 78, 79,  !10,  !12,  !14,  !15,  !16}
TAU vor Vereinfachung  !(29 && 58) &&  !(29 && 8) && 23 && Implies[46 && 47 && 48 && 49,  !45] && Implies[ !46 && 47, 48] && Implies[ !48 && 47, 46] && Implies[ !47 && 48, 49] && Implies[ !49 && 48, 47] && Implies[ !48 && 49, 45] && Implies[ !45 && 49, 48] && Implies[46 && 47 && 48 && 49 &&  !45, 30] && 30 && Implies[ !46 && 47 && 48 && 49 && 45, 31] && Implies[41 && 42 && 43 && 44,  !40] && Implies[ !41 && 42, 43] && Implies[ !43 && 42, 41] && Implies[ !42 && 43, 44] && Implies[ !44 && 43, 42] && Implies[ !43 && 44, 40] && Implies[ !40 && 44, 43] && Implies[41 && 42 && 43 && 44 &&  !40, 1] && 1 && Implies[41 &&  !42 && 43 && 44 && 40, 2] && Implies[54 && 55 && 56 && 57,  !53] && Implies[54 && 55 && 56 && 57 &&  !53, 50] && 50 && Implies[54 && 55 &&  !56 && 57 && 53, 51] && 24 && Implies[24 && 31,  !54] && Implies[24 && 50, 30] && Implies[24 && 54, 46] && Implies[46 && 47, 34] && Implies[54 && 55, 37] && Implies[24 && 37, 34] && Implies[46 && 47 && 48, 35] && Implies[54 && 55 && 56, 38] && Implies[24 && 38, 35] && Implies[ !41, 31] && Implies[ !45, 1] && Implies[46, 41] && Implies[ !47, 41] && Implies[41 && 42, 4] && Implies[34, 4] && Implies[ !48, 4] && Implies[41 && 42 && 43, 5] && Implies[35, 5] && Implies[ !49, 5] && Implies[33, 25] && Implies[25 &&  !45, 50] && Implies[25 &&  !54,  !41] && Implies[25 &&  !40, 50] && Implies[25 && 41, 54] && Implies[25 &&  !42, 54] && Implies[25 && 4, 37] && Implies[25 &&  !43, 37] && Implies[25 && 5, 38] && Implies[25 &&  !44, 38] && Implies[25 &&  !54 && 55, 56] && Implies[25 &&  !56 && 55, 54] && Implies[25 &&  !55 && 56, 57] && Implies[25 &&  !57 && 56, 55] && Implies[25 &&  !53 && 57, 56] && Implies[25 &&  !56 && 57, 53] && Implies[24, 21] && Implies[24 && 38, 21] && Implies[ !46 && 47 && 41,  !42] && Implies[ !46 && 47 && 42,  !41] && Implies[ !47 && 48 && 42,  !43] && Implies[ !47 && 48 && 43,  !42] && Implies[ !48 && 49 && 43,  !44] && Implies[ !48 && 49 && 44,  !43] && Implies[ !49 && 45 && 44,  !40] && Implies[ !49 && 45 && 40,  !44] && Implies[19, 22] && Implies[25, 22] && Implies[22 &&  !41 && 42 && 54,  !55] && Implies[22 &&  !41 && 42 && 55,  !54] && Implies[22 &&  !42 && 43 && 55,  !56] && Implies[22 &&  !42 && 43 && 56,  !55] && Implies[22 &&  !43 && 44 && 56,  !57] && Implies[22 &&  !43 && 44 && 57,  !56] && Implies[22 &&  !44 && 40 && 57,  !53] && Implies[22 &&  !44 && 40 && 53,  !57] && Implies[25 &&  !55, 19] && Implies[25 &&  !43 &&  !56, 19] && Implies[25 &&  !42 &&  !56, 19] && Implies[25 &&  !44 &&  !57, 19] && Implies[25 &&  !43 &&  !57, 19] && Implies[25 &&  !40, 19] &&  !29 && 58 && Implies[30, 46] && Implies[30, 47] && Implies[30, 48] && Implies[30, 49] && Implies[30,  !45] && Implies[31,  !46] && Implies[31, 47] && Implies[31, 48] && Implies[31, 49] && Implies[31, 45] && Implies[1, 41] && Implies[1, 42] && Implies[1, 43] && Implies[1, 44] && Implies[1,  !40] && Implies[2, 41] && Implies[2,  !42] && Implies[2, 43] && Implies[2, 44] && Implies[2, 40] && Implies[50, 54] && Implies[50, 55] && Implies[50, 56] && Implies[50, 57] && Implies[50,  !53] && Implies[51, 54] && Implies[51, 55] && Implies[51,  !56] && Implies[51, 57] && Implies[51, 53] && 27 && Implies[34, 46] && Implies[34, 47] && Implies[37, 54] && Implies[37, 55] && Implies[35, 46] && Implies[35, 47] && Implies[35, 48] && Implies[38, 54] && Implies[38, 55] && Implies[38, 56] && Implies[4, 41] && Implies[4, 42] && Implies[5, 41] && Implies[5, 42] && Implies[5, 43] && Implies[25, 33] && Implies[21, 24] && Implies[22, 25] && Implies[22, 19] && Implies[25,  !24] && Implies[33,  !27]
l {1, 23, 24, 27, 30, 50, 58,  !29}
l {21, 41, 42, 43, 44, 46, 47, 48, 49, 54, 55, 56, 57,  !25,  !33,  !40,  !45,  !53}
l {4, 5, 34, 35, 37, 38,  !2,  !22,  !31,  !51}
TAU nach Vereinfachung (EVBK) :  !19
ch { !68,  !69,  !70,  !71, 67,  !63,  !64,  !65,  !66, 62,  !73,  !74,  !75,  !76, 72}
bk {9, 26, 17,  !16,  !14,  !15,  !10,  !12}
ev {60, 79, 59, 78, 6, 36, 39}
 posTot {3, 6, 7, 9, 17, 18, 20, 26, 28, 32, 36, 39, 52, 59, 60, 61, 62, 67, 72, 77, 78, 79,  !10,  !12,  !14,  !15,  !16,  !63,  !64,  !65,  !66,  !68,  !69,  !70,  !71,  !73,  !74,  !75,  !76}
posNeu {3, 6, 7, 9, 17, 18, 20, 26, 28, 32, 36, 39, 52, 59, 60, 61,  !40,  !45,  !53, 77, 78, 79,  !10,  !12,  !14,  !15,  !16, 41, 42, 43, 44, 46, 47, 48, 49, 54, 55, 56, 57}
TAU vor Vereinfachung  !(29 && 58) &&  !(29 && 8) && 23 && 30 && 30 && 1 && 1 && 50 && 50 && 24 &&  !(24 && 31) && Implies[24 && 50, 30] && 34 && 37 && Implies[24 && 37, 34] && 35 && 38 && Implies[24 && 38, 35] && 1 && 4 && Implies[34, 4] && 5 && Implies[35, 5] && Implies[33, 25] && Implies[25, 50] && Implies[25, 50] && Implies[25 && 4, 37] && Implies[25 && 5, 38] && Implies[24, 21] && Implies[24 && 38, 21] && Implies[19, 22] && Implies[25, 22] && Implies[25, 19] &&  !29 && 58 &&  !31 &&  !31 &&  !2 &&  !2 &&  !51 &&  !51 && 27 && Implies[25, 33] && Implies[21, 24] && Implies[22, 25] && Implies[22, 19] && Implies[25,  !24] && Implies[33,  !27]
l {1, 4, 5, 23, 24, 27, 30, 34, 35, 37, 38, 50, 58,  !2,  !29,  !31,  !51}
l {21,  !25,  !33}
l { !22}
TAU nach Vereinfachung (CHEVBK) :  !19
ch { !68,  !69,  !70,  !71, 67,  !63,  !64,  !65,  !66, 62,  !73,  !74,  !75,  !76, 72}
bk {9, 26, 17,  !16,  !14,  !15,  !10,  !12}
ev {60, 79, 59, 78, 6, 36, 39}
 posTot {3, 6, 7, 9, 17, 18, 20, 26, 28, 32, 36, 39, 52, 59, 60, 61, 77, 78, 79,  !10,  !12,  !14,  !15,  !16}
posNeu {3, 6, 7, 9, 17, 18, 20, 26, 28, 32, 36, 39, 52, 59, 60, 61, 77, 78, 79,  !10,  !12,  !14,  !15,  !16}
TAU vor Vereinfachung  !(29 && 58) &&  !(29 && 8) && 23 && Implies[46 && 47 && 48 && 49,  !45] && Implies[ !46 && 47, 48] && Implies[ !48 && 47, 46] && Implies[ !47 && 48, 49] && Implies[ !49 && 48, 47] && Implies[ !48 && 49, 45] && Implies[ !45 && 49, 48] && Implies[46 && 47 && 48 && 49 &&  !45, 30] && 30 && Implies[ !46 && 47 && 48 && 49 && 45, 31] && Implies[41 && 42 && 43 && 44,  !40] && Implies[ !41 && 42, 43] && Implies[ !43 && 42, 41] && Implies[ !42 && 43, 44] && Implies[ !44 && 43, 42] && Implies[ !43 && 44, 40] && Implies[ !40 && 44, 43] && Implies[41 && 42 && 43 && 44 &&  !40, 1] && 1 && Implies[41 &&  !42 && 43 && 44 && 40, 2] && Implies[54 && 55 && 56 && 57,  !53] && Implies[54 && 55 && 56 && 57 &&  !53, 50] && 50 && Implies[54 && 55 &&  !56 && 57 && 53, 51] && 24 && Implies[24 && 31,  !54] && Implies[24 && 50, 30] && Implies[24 && 54, 46] && Implies[46 && 47, 34] && Implies[54 && 55, 37] && Implies[24 && 37, 34] && Implies[46 && 47 && 48, 35] && Implies[54 && 55 && 56, 38] && Implies[24 && 38, 35] && Implies[ !41, 31] && Implies[ !45, 1] && Implies[46, 41] && Implies[ !47, 41] && Implies[41 && 42, 4] && Implies[34, 4] && Implies[ !48, 4] && Implies[41 && 42 && 43, 5] && Implies[35, 5] && Implies[ !49, 5] && Implies[33, 25] && Implies[25 &&  !45, 50] && Implies[25 &&  !54,  !41] && Implies[25 &&  !40, 50] && Implies[25 && 41, 54] && Implies[25 &&  !42, 54] && Implies[25 && 4, 37] && Implies[25 &&  !43, 37] && Implies[25 && 5, 38] && Implies[25 &&  !44, 38] && Implies[25 &&  !54 && 55, 56] && Implies[25 &&  !56 && 55, 54] && Implies[25 &&  !55 && 56, 57] && Implies[25 &&  !57 && 56, 55] && Implies[25 &&  !53 && 57, 56] && Implies[25 &&  !56 && 57, 53] && Implies[24, 21] && Implies[24 && 38, 21] && Implies[ !46 && 47 && 41,  !42] && Implies[ !46 && 47 && 42,  !41] && Implies[ !47 && 48 && 42,  !43] && Implies[ !47 && 48 && 43,  !42] && Implies[ !48 && 49 && 43,  !44] && Implies[ !48 && 49 && 44,  !43] && Implies[ !49 && 45 && 44,  !40] && Implies[ !49 && 45 && 40,  !44] && Implies[19, 22] && Implies[25, 22] && Implies[22 &&  !41 && 42 && 54,  !55] && Implies[22 &&  !41 && 42 && 55,  !54] && Implies[22 &&  !42 && 43 && 55,  !56] && Implies[22 &&  !42 && 43 && 56,  !55] && Implies[22 &&  !43 && 44 && 56,  !57] && Implies[22 &&  !43 && 44 && 57,  !56] && Implies[22 &&  !44 && 40 && 57,  !53] && Implies[22 &&  !44 && 40 && 53,  !57] && Implies[25 &&  !55, 19] && Implies[25 &&  !43 &&  !56, 19] && Implies[25 &&  !42 &&  !56, 19] && Implies[25 &&  !44 &&  !57, 19] && Implies[25 &&  !43 &&  !57, 19] && Implies[25 &&  !40, 19] &&  !29 && 58 && Implies[30, 46] && Implies[30, 47] && Implies[30, 48] && Implies[30, 49] && Implies[30,  !45] && Implies[31,  !46] && Implies[31, 47] && Implies[31, 48] && Implies[31, 49] && Implies[31, 45] && Implies[1, 41] && Implies[1, 42] && Implies[1, 43] && Implies[1, 44] && Implies[1,  !40] && Implies[2, 41] && Implies[2,  !42] && Implies[2, 43] && Implies[2, 44] && Implies[2, 40] && Implies[50, 54] && Implies[50, 55] && Implies[50, 56] && Implies[50, 57] && Implies[50,  !53] && Implies[51, 54] && Implies[51, 55] && Implies[51,  !56] && Implies[51, 57] && Implies[51, 53] && 27 && Implies[34, 46] && Implies[34, 47] && Implies[37, 54] && Implies[37, 55] && Implies[35, 46] && Implies[35, 47] && Implies[35, 48] && Implies[38, 54] && Implies[38, 55] && Implies[38, 56] && Implies[4, 41] && Implies[4, 42] && Implies[5, 41] && Implies[5, 42] && Implies[5, 43] && Implies[25, 33] && Implies[21, 24] && Implies[22, 25] && Implies[22, 19] && Implies[25,  !24] && Implies[33,  !27]
l {1, 23, 24, 27, 30, 50, 58,  !29}
l {21, 41, 42, 43, 44, 46, 47, 48, 49, 54, 55, 56, 57,  !25,  !33,  !40,  !45,  !53}
l {4, 5, 34, 35, 37, 38,  !2,  !22,  !31,  !51}
tau  !19
Anzahl Instanzen 1
Es gibt nur eine Instanz, da TAU  !19
ch { !68,  !69,  !70,  !71, 67,  !63,  !64,  !65,  !66, 62,  !73,  !74,  !75,  !76, 72}
bk {9, 26, 17,  !16,  !14,  !15,  !10,  !12}
ev {60, 79, 59, 78, 6, 36, 39}
 posTot {3, 6, 7, 9, 17, 18, 20, 26, 28, 32, 36, 39, 52, 59, 60, 61, 62, 67, 72, 77, 78, 79,  !10,  !12,  !14,  !15,  !16,  !63,  !64,  !65,  !66,  !68,  !69,  !70,  !71,  !73,  !74,  !75,  !76}
posNeu {3, 6, 7, 9, 17, 18, 20, 26, 28, 32, 36, 39, 52, 59, 60, 61,  !40,  !45,  !53, 77, 78, 79,  !10,  !12,  !14,  !15,  !16, 41, 42, 43, 44, 46, 47, 48, 49, 54, 55, 56, 57}
TAU vor Vereinfachung  !(29 && 58) &&  !(29 && 8) && 23 && 30 && 30 && 1 && 1 && 50 && 50 && 24 &&  !(24 && 31) && Implies[24 && 50, 30] && 34 && 37 && Implies[24 && 37, 34] && 35 && 38 && Implies[24 && 38, 35] && 1 && 4 && Implies[34, 4] && 5 && Implies[35, 5] && Implies[33, 25] && Implies[25, 50] && Implies[25, 50] && Implies[25 && 4, 37] && Implies[25 && 5, 38] && Implies[24, 21] && Implies[24 && 38, 21] && Implies[19, 22] && Implies[25, 22] && Implies[25, 19] &&  !29 && 58 &&  !31 &&  !31 &&  !2 &&  !2 &&  !51 &&  !51 && 27 && Implies[25, 33] && Implies[21, 24] && Implies[22, 25] && Implies[22, 19] && Implies[25,  !24] && Implies[33,  !27]
l {1, 4, 5, 23, 24, 27, 30, 34, 35, 37, 38, 50, 58,  !2,  !29,  !31,  !51}
l {21,  !25,  !33}
l { !22}
tau  !19
Anzahl Instanzen 1
Es gibt nur eine Instanz, da TAU  !19
